ARM GAS  C:\Users\rolf\AppData\Local\Temp\cc7PZxEe.s 			page 1


   1              		.syntax unified
   2              		.cpu cortex-m0
   3              		.fpu softvfp
   4              		.eabi_attribute 20, 1
   5              		.eabi_attribute 21, 1
   6              		.eabi_attribute 23, 3
   7              		.eabi_attribute 24, 1
   8              		.eabi_attribute 25, 1
   9              		.eabi_attribute 26, 1
  10              		.eabi_attribute 30, 1
  11              		.eabi_attribute 34, 0
  12              		.eabi_attribute 18, 4
  13              		.thumb
  14              		.syntax unified
  15              		.file	"Control_SELECT_SPI.c"
  16              		.text
  17              	.Ltext0:
  18              		.cfi_sections	.debug_frame
  19              		.section	.text.Control_SELECT_SPI_Write,"ax",%progbits
  20              		.align	2
  21              		.global	Control_SELECT_SPI_Write
  22              		.code	16
  23              		.thumb_func
  24              		.type	Control_SELECT_SPI_Write, %function
  25              	Control_SELECT_SPI_Write:
  26              	.LFB0:
  27              		.file 1 "Generated_Source\\PSoC4\\Control_SELECT_SPI.c"
   1:Generated_Source\PSoC4/Control_SELECT_SPI.c **** /*******************************************************************************
   2:Generated_Source\PSoC4/Control_SELECT_SPI.c **** * File Name: Control_SELECT_SPI.c  
   3:Generated_Source\PSoC4/Control_SELECT_SPI.c **** * Version 1.80
   4:Generated_Source\PSoC4/Control_SELECT_SPI.c **** *
   5:Generated_Source\PSoC4/Control_SELECT_SPI.c **** * Description:
   6:Generated_Source\PSoC4/Control_SELECT_SPI.c **** *  This file contains API to enable firmware control of a Control Register.
   7:Generated_Source\PSoC4/Control_SELECT_SPI.c **** *
   8:Generated_Source\PSoC4/Control_SELECT_SPI.c **** * Note:
   9:Generated_Source\PSoC4/Control_SELECT_SPI.c **** *
  10:Generated_Source\PSoC4/Control_SELECT_SPI.c **** ********************************************************************************
  11:Generated_Source\PSoC4/Control_SELECT_SPI.c **** * Copyright 2008-2015, Cypress Semiconductor Corporation.  All rights reserved.
  12:Generated_Source\PSoC4/Control_SELECT_SPI.c **** * You may use this file only in accordance with the license, terms, conditions, 
  13:Generated_Source\PSoC4/Control_SELECT_SPI.c **** * disclaimers, and limitations in the end user license agreement accompanying 
  14:Generated_Source\PSoC4/Control_SELECT_SPI.c **** * the software package with which this file was provided.
  15:Generated_Source\PSoC4/Control_SELECT_SPI.c **** *******************************************************************************/
  16:Generated_Source\PSoC4/Control_SELECT_SPI.c **** 
  17:Generated_Source\PSoC4/Control_SELECT_SPI.c **** #include "Control_SELECT_SPI.h"
  18:Generated_Source\PSoC4/Control_SELECT_SPI.c **** 
  19:Generated_Source\PSoC4/Control_SELECT_SPI.c **** /* Check for removal by optimization */
  20:Generated_Source\PSoC4/Control_SELECT_SPI.c **** #if !defined(Control_SELECT_SPI_Sync_ctrl_reg__REMOVED)
  21:Generated_Source\PSoC4/Control_SELECT_SPI.c **** 
  22:Generated_Source\PSoC4/Control_SELECT_SPI.c ****     
  23:Generated_Source\PSoC4/Control_SELECT_SPI.c **** /*******************************************************************************
  24:Generated_Source\PSoC4/Control_SELECT_SPI.c **** * Function Name: Control_SELECT_SPI_Write
  25:Generated_Source\PSoC4/Control_SELECT_SPI.c **** ********************************************************************************
  26:Generated_Source\PSoC4/Control_SELECT_SPI.c **** *
  27:Generated_Source\PSoC4/Control_SELECT_SPI.c **** * Summary:
  28:Generated_Source\PSoC4/Control_SELECT_SPI.c **** *  Write a byte to the Control Register.
  29:Generated_Source\PSoC4/Control_SELECT_SPI.c **** *
  30:Generated_Source\PSoC4/Control_SELECT_SPI.c **** * Parameters:
ARM GAS  C:\Users\rolf\AppData\Local\Temp\cc7PZxEe.s 			page 2


  31:Generated_Source\PSoC4/Control_SELECT_SPI.c **** *  control:  The value to be assigned to the Control Register.
  32:Generated_Source\PSoC4/Control_SELECT_SPI.c **** *
  33:Generated_Source\PSoC4/Control_SELECT_SPI.c **** * Return:
  34:Generated_Source\PSoC4/Control_SELECT_SPI.c **** *  None.
  35:Generated_Source\PSoC4/Control_SELECT_SPI.c **** *
  36:Generated_Source\PSoC4/Control_SELECT_SPI.c **** *******************************************************************************/
  37:Generated_Source\PSoC4/Control_SELECT_SPI.c **** void Control_SELECT_SPI_Write(uint8 control) 
  38:Generated_Source\PSoC4/Control_SELECT_SPI.c **** {
  28              		.loc 1 38 0
  29              		.cfi_startproc
  30              		@ args = 0, pretend = 0, frame = 0
  31              		@ frame_needed = 0, uses_anonymous_args = 0
  32              		@ link register save eliminated.
  33              	.LVL0:
  39:Generated_Source\PSoC4/Control_SELECT_SPI.c ****     Control_SELECT_SPI_Control = control;
  34              		.loc 1 39 0
  35 0000 014B     		ldr	r3, .L2
  36 0002 1870     		strb	r0, [r3]
  40:Generated_Source\PSoC4/Control_SELECT_SPI.c **** }
  37              		.loc 1 40 0
  38              		@ sp needed
  39 0004 7047     		bx	lr
  40              	.L3:
  41 0006 C046     		.align	2
  42              	.L2:
  43 0008 76000F40 		.word	1074724982
  44              		.cfi_endproc
  45              	.LFE0:
  46              		.size	Control_SELECT_SPI_Write, .-Control_SELECT_SPI_Write
  47              		.section	.text.Control_SELECT_SPI_Read,"ax",%progbits
  48              		.align	2
  49              		.global	Control_SELECT_SPI_Read
  50              		.code	16
  51              		.thumb_func
  52              		.type	Control_SELECT_SPI_Read, %function
  53              	Control_SELECT_SPI_Read:
  54              	.LFB1:
  41:Generated_Source\PSoC4/Control_SELECT_SPI.c **** 
  42:Generated_Source\PSoC4/Control_SELECT_SPI.c **** 
  43:Generated_Source\PSoC4/Control_SELECT_SPI.c **** /*******************************************************************************
  44:Generated_Source\PSoC4/Control_SELECT_SPI.c **** * Function Name: Control_SELECT_SPI_Read
  45:Generated_Source\PSoC4/Control_SELECT_SPI.c **** ********************************************************************************
  46:Generated_Source\PSoC4/Control_SELECT_SPI.c **** *
  47:Generated_Source\PSoC4/Control_SELECT_SPI.c **** * Summary:
  48:Generated_Source\PSoC4/Control_SELECT_SPI.c **** *  Reads the current value assigned to the Control Register.
  49:Generated_Source\PSoC4/Control_SELECT_SPI.c **** *
  50:Generated_Source\PSoC4/Control_SELECT_SPI.c **** * Parameters:
  51:Generated_Source\PSoC4/Control_SELECT_SPI.c **** *  None.
  52:Generated_Source\PSoC4/Control_SELECT_SPI.c **** *
  53:Generated_Source\PSoC4/Control_SELECT_SPI.c **** * Return:
  54:Generated_Source\PSoC4/Control_SELECT_SPI.c **** *  Returns the current value in the Control Register.
  55:Generated_Source\PSoC4/Control_SELECT_SPI.c **** *
  56:Generated_Source\PSoC4/Control_SELECT_SPI.c **** *******************************************************************************/
  57:Generated_Source\PSoC4/Control_SELECT_SPI.c **** uint8 Control_SELECT_SPI_Read(void) 
  58:Generated_Source\PSoC4/Control_SELECT_SPI.c **** {
  55              		.loc 1 58 0
  56              		.cfi_startproc
ARM GAS  C:\Users\rolf\AppData\Local\Temp\cc7PZxEe.s 			page 3


  57              		@ args = 0, pretend = 0, frame = 0
  58              		@ frame_needed = 0, uses_anonymous_args = 0
  59              		@ link register save eliminated.
  59:Generated_Source\PSoC4/Control_SELECT_SPI.c ****     return Control_SELECT_SPI_Control;
  60              		.loc 1 59 0
  61 0000 014B     		ldr	r3, .L5
  62 0002 1878     		ldrb	r0, [r3]
  63 0004 C0B2     		uxtb	r0, r0
  60:Generated_Source\PSoC4/Control_SELECT_SPI.c **** }
  64              		.loc 1 60 0
  65              		@ sp needed
  66 0006 7047     		bx	lr
  67              	.L6:
  68              		.align	2
  69              	.L5:
  70 0008 76000F40 		.word	1074724982
  71              		.cfi_endproc
  72              	.LFE1:
  73              		.size	Control_SELECT_SPI_Read, .-Control_SELECT_SPI_Read
  74              		.text
  75              	.Letext0:
  76              		.file 2 "Generated_Source\\PSoC4\\cytypes.h"
  77              		.section	.debug_info,"",%progbits
  78              	.Ldebug_info0:
  79 0000 D2000000 		.4byte	0xd2
  80 0004 0400     		.2byte	0x4
  81 0006 00000000 		.4byte	.Ldebug_abbrev0
  82 000a 04       		.byte	0x4
  83 000b 01       		.uleb128 0x1
  84 000c EC000000 		.4byte	.LASF14
  85 0010 0C       		.byte	0xc
  86 0011 7A000000 		.4byte	.LASF15
  87 0015 00000000 		.4byte	.LASF16
  88 0019 00000000 		.4byte	.Ldebug_ranges0+0
  89 001d 00000000 		.4byte	0
  90 0021 00000000 		.4byte	.Ldebug_line0
  91 0025 02       		.uleb128 0x2
  92 0026 01       		.byte	0x1
  93 0027 06       		.byte	0x6
  94 0028 A6010000 		.4byte	.LASF0
  95 002c 02       		.uleb128 0x2
  96 002d 01       		.byte	0x1
  97 002e 08       		.byte	0x8
  98 002f 55000000 		.4byte	.LASF1
  99 0033 02       		.uleb128 0x2
 100 0034 02       		.byte	0x2
 101 0035 05       		.byte	0x5
 102 0036 8D010000 		.4byte	.LASF2
 103 003a 02       		.uleb128 0x2
 104 003b 02       		.byte	0x2
 105 003c 07       		.byte	0x7
 106 003d A6000000 		.4byte	.LASF3
 107 0041 02       		.uleb128 0x2
 108 0042 04       		.byte	0x4
 109 0043 05       		.byte	0x5
 110 0044 9D010000 		.4byte	.LASF4
 111 0048 02       		.uleb128 0x2
ARM GAS  C:\Users\rolf\AppData\Local\Temp\cc7PZxEe.s 			page 4


 112 0049 04       		.byte	0x4
 113 004a 07       		.byte	0x7
 114 004b 68000000 		.4byte	.LASF5
 115 004f 02       		.uleb128 0x2
 116 0050 08       		.byte	0x8
 117 0051 05       		.byte	0x5
 118 0052 7A010000 		.4byte	.LASF6
 119 0056 02       		.uleb128 0x2
 120 0057 08       		.byte	0x8
 121 0058 07       		.byte	0x7
 122 0059 D5000000 		.4byte	.LASF7
 123 005d 03       		.uleb128 0x3
 124 005e 04       		.byte	0x4
 125 005f 05       		.byte	0x5
 126 0060 696E7400 		.ascii	"int\000"
 127 0064 02       		.uleb128 0x2
 128 0065 04       		.byte	0x4
 129 0066 07       		.byte	0x7
 130 0067 C8000000 		.4byte	.LASF8
 131 006b 04       		.uleb128 0x4
 132 006c 97010000 		.4byte	.LASF12
 133 0070 02       		.byte	0x2
 134 0071 FB01     		.2byte	0x1fb
 135 0073 2C000000 		.4byte	0x2c
 136 0077 02       		.uleb128 0x2
 137 0078 04       		.byte	0x4
 138 0079 04       		.byte	0x4
 139 007a 37000000 		.4byte	.LASF9
 140 007e 02       		.uleb128 0x2
 141 007f 08       		.byte	0x8
 142 0080 04       		.byte	0x4
 143 0081 C1000000 		.4byte	.LASF10
 144 0085 02       		.uleb128 0x2
 145 0086 01       		.byte	0x1
 146 0087 08       		.byte	0x8
 147 0088 88010000 		.4byte	.LASF11
 148 008c 04       		.uleb128 0x4
 149 008d 63000000 		.4byte	.LASF13
 150 0091 02       		.byte	0x2
 151 0092 A502     		.2byte	0x2a5
 152 0094 98000000 		.4byte	0x98
 153 0098 05       		.uleb128 0x5
 154 0099 6B000000 		.4byte	0x6b
 155 009d 06       		.uleb128 0x6
 156 009e B2010000 		.4byte	.LASF17
 157 00a2 01       		.byte	0x1
 158 00a3 25       		.byte	0x25
 159 00a4 00000000 		.4byte	.LFB0
 160 00a8 0C000000 		.4byte	.LFE0-.LFB0
 161 00ac 01       		.uleb128 0x1
 162 00ad 9C       		.byte	0x9c
 163 00ae C0000000 		.4byte	0xc0
 164 00b2 07       		.uleb128 0x7
 165 00b3 B9000000 		.4byte	.LASF18
 166 00b7 01       		.byte	0x1
 167 00b8 25       		.byte	0x25
 168 00b9 6B000000 		.4byte	0x6b
ARM GAS  C:\Users\rolf\AppData\Local\Temp\cc7PZxEe.s 			page 5


 169 00bd 01       		.uleb128 0x1
 170 00be 50       		.byte	0x50
 171 00bf 00       		.byte	0
 172 00c0 08       		.uleb128 0x8
 173 00c1 3D000000 		.4byte	.LASF19
 174 00c5 01       		.byte	0x1
 175 00c6 39       		.byte	0x39
 176 00c7 6B000000 		.4byte	0x6b
 177 00cb 00000000 		.4byte	.LFB1
 178 00cf 0C000000 		.4byte	.LFE1-.LFB1
 179 00d3 01       		.uleb128 0x1
 180 00d4 9C       		.byte	0x9c
 181 00d5 00       		.byte	0
 182              		.section	.debug_abbrev,"",%progbits
 183              	.Ldebug_abbrev0:
 184 0000 01       		.uleb128 0x1
 185 0001 11       		.uleb128 0x11
 186 0002 01       		.byte	0x1
 187 0003 25       		.uleb128 0x25
 188 0004 0E       		.uleb128 0xe
 189 0005 13       		.uleb128 0x13
 190 0006 0B       		.uleb128 0xb
 191 0007 03       		.uleb128 0x3
 192 0008 0E       		.uleb128 0xe
 193 0009 1B       		.uleb128 0x1b
 194 000a 0E       		.uleb128 0xe
 195 000b 55       		.uleb128 0x55
 196 000c 17       		.uleb128 0x17
 197 000d 11       		.uleb128 0x11
 198 000e 01       		.uleb128 0x1
 199 000f 10       		.uleb128 0x10
 200 0010 17       		.uleb128 0x17
 201 0011 00       		.byte	0
 202 0012 00       		.byte	0
 203 0013 02       		.uleb128 0x2
 204 0014 24       		.uleb128 0x24
 205 0015 00       		.byte	0
 206 0016 0B       		.uleb128 0xb
 207 0017 0B       		.uleb128 0xb
 208 0018 3E       		.uleb128 0x3e
 209 0019 0B       		.uleb128 0xb
 210 001a 03       		.uleb128 0x3
 211 001b 0E       		.uleb128 0xe
 212 001c 00       		.byte	0
 213 001d 00       		.byte	0
 214 001e 03       		.uleb128 0x3
 215 001f 24       		.uleb128 0x24
 216 0020 00       		.byte	0
 217 0021 0B       		.uleb128 0xb
 218 0022 0B       		.uleb128 0xb
 219 0023 3E       		.uleb128 0x3e
 220 0024 0B       		.uleb128 0xb
 221 0025 03       		.uleb128 0x3
 222 0026 08       		.uleb128 0x8
 223 0027 00       		.byte	0
 224 0028 00       		.byte	0
 225 0029 04       		.uleb128 0x4
ARM GAS  C:\Users\rolf\AppData\Local\Temp\cc7PZxEe.s 			page 6


 226 002a 16       		.uleb128 0x16
 227 002b 00       		.byte	0
 228 002c 03       		.uleb128 0x3
 229 002d 0E       		.uleb128 0xe
 230 002e 3A       		.uleb128 0x3a
 231 002f 0B       		.uleb128 0xb
 232 0030 3B       		.uleb128 0x3b
 233 0031 05       		.uleb128 0x5
 234 0032 49       		.uleb128 0x49
 235 0033 13       		.uleb128 0x13
 236 0034 00       		.byte	0
 237 0035 00       		.byte	0
 238 0036 05       		.uleb128 0x5
 239 0037 35       		.uleb128 0x35
 240 0038 00       		.byte	0
 241 0039 49       		.uleb128 0x49
 242 003a 13       		.uleb128 0x13
 243 003b 00       		.byte	0
 244 003c 00       		.byte	0
 245 003d 06       		.uleb128 0x6
 246 003e 2E       		.uleb128 0x2e
 247 003f 01       		.byte	0x1
 248 0040 3F       		.uleb128 0x3f
 249 0041 19       		.uleb128 0x19
 250 0042 03       		.uleb128 0x3
 251 0043 0E       		.uleb128 0xe
 252 0044 3A       		.uleb128 0x3a
 253 0045 0B       		.uleb128 0xb
 254 0046 3B       		.uleb128 0x3b
 255 0047 0B       		.uleb128 0xb
 256 0048 27       		.uleb128 0x27
 257 0049 19       		.uleb128 0x19
 258 004a 11       		.uleb128 0x11
 259 004b 01       		.uleb128 0x1
 260 004c 12       		.uleb128 0x12
 261 004d 06       		.uleb128 0x6
 262 004e 40       		.uleb128 0x40
 263 004f 18       		.uleb128 0x18
 264 0050 9742     		.uleb128 0x2117
 265 0052 19       		.uleb128 0x19
 266 0053 01       		.uleb128 0x1
 267 0054 13       		.uleb128 0x13
 268 0055 00       		.byte	0
 269 0056 00       		.byte	0
 270 0057 07       		.uleb128 0x7
 271 0058 05       		.uleb128 0x5
 272 0059 00       		.byte	0
 273 005a 03       		.uleb128 0x3
 274 005b 0E       		.uleb128 0xe
 275 005c 3A       		.uleb128 0x3a
 276 005d 0B       		.uleb128 0xb
 277 005e 3B       		.uleb128 0x3b
 278 005f 0B       		.uleb128 0xb
 279 0060 49       		.uleb128 0x49
 280 0061 13       		.uleb128 0x13
 281 0062 02       		.uleb128 0x2
 282 0063 18       		.uleb128 0x18
ARM GAS  C:\Users\rolf\AppData\Local\Temp\cc7PZxEe.s 			page 7


 283 0064 00       		.byte	0
 284 0065 00       		.byte	0
 285 0066 08       		.uleb128 0x8
 286 0067 2E       		.uleb128 0x2e
 287 0068 00       		.byte	0
 288 0069 3F       		.uleb128 0x3f
 289 006a 19       		.uleb128 0x19
 290 006b 03       		.uleb128 0x3
 291 006c 0E       		.uleb128 0xe
 292 006d 3A       		.uleb128 0x3a
 293 006e 0B       		.uleb128 0xb
 294 006f 3B       		.uleb128 0x3b
 295 0070 0B       		.uleb128 0xb
 296 0071 27       		.uleb128 0x27
 297 0072 19       		.uleb128 0x19
 298 0073 49       		.uleb128 0x49
 299 0074 13       		.uleb128 0x13
 300 0075 11       		.uleb128 0x11
 301 0076 01       		.uleb128 0x1
 302 0077 12       		.uleb128 0x12
 303 0078 06       		.uleb128 0x6
 304 0079 40       		.uleb128 0x40
 305 007a 18       		.uleb128 0x18
 306 007b 9742     		.uleb128 0x2117
 307 007d 19       		.uleb128 0x19
 308 007e 00       		.byte	0
 309 007f 00       		.byte	0
 310 0080 00       		.byte	0
 311              		.section	.debug_aranges,"",%progbits
 312 0000 24000000 		.4byte	0x24
 313 0004 0200     		.2byte	0x2
 314 0006 00000000 		.4byte	.Ldebug_info0
 315 000a 04       		.byte	0x4
 316 000b 00       		.byte	0
 317 000c 0000     		.2byte	0
 318 000e 0000     		.2byte	0
 319 0010 00000000 		.4byte	.LFB0
 320 0014 0C000000 		.4byte	.LFE0-.LFB0
 321 0018 00000000 		.4byte	.LFB1
 322 001c 0C000000 		.4byte	.LFE1-.LFB1
 323 0020 00000000 		.4byte	0
 324 0024 00000000 		.4byte	0
 325              		.section	.debug_ranges,"",%progbits
 326              	.Ldebug_ranges0:
 327 0000 00000000 		.4byte	.LFB0
 328 0004 0C000000 		.4byte	.LFE0
 329 0008 00000000 		.4byte	.LFB1
 330 000c 0C000000 		.4byte	.LFE1
 331 0010 00000000 		.4byte	0
 332 0014 00000000 		.4byte	0
 333              		.section	.debug_line,"",%progbits
 334              	.Ldebug_line0:
 335 0000 77000000 		.section	.debug_str,"MS",%progbits,1
 335      02004F00 
 335      00000201 
 335      FB0E0D00 
 335      01010101 
ARM GAS  C:\Users\rolf\AppData\Local\Temp\cc7PZxEe.s 			page 8


 336              	.LASF16:
 337 0000 5C5C4D61 		.ascii	"\\\\Mac\\Data\\VScode\\GIT\\MacPro_KickStart\\PSoC4"
 337      635C4461 
 337      74615C56 
 337      53636F64 
 337      655C4749 
 338 002c 3230304C 		.ascii	"200L.cydsn\000"
 338      2E637964 
 338      736E00
 339              	.LASF9:
 340 0037 666C6F61 		.ascii	"float\000"
 340      7400
 341              	.LASF19:
 342 003d 436F6E74 		.ascii	"Control_SELECT_SPI_Read\000"
 342      726F6C5F 
 342      53454C45 
 342      43545F53 
 342      50495F52 
 343              	.LASF1:
 344 0055 756E7369 		.ascii	"unsigned char\000"
 344      676E6564 
 344      20636861 
 344      7200
 345              	.LASF13:
 346 0063 72656738 		.ascii	"reg8\000"
 346      00
 347              	.LASF5:
 348 0068 6C6F6E67 		.ascii	"long unsigned int\000"
 348      20756E73 
 348      69676E65 
 348      6420696E 
 348      7400
 349              	.LASF15:
 350 007a 47656E65 		.ascii	"Generated_Source\\PSoC4\\Control_SELECT_SPI.c\000"
 350      72617465 
 350      645F536F 
 350      75726365 
 350      5C50536F 
 351              	.LASF3:
 352 00a6 73686F72 		.ascii	"short unsigned int\000"
 352      7420756E 
 352      7369676E 
 352      65642069 
 352      6E7400
 353              	.LASF18:
 354 00b9 636F6E74 		.ascii	"control\000"
 354      726F6C00 
 355              	.LASF10:
 356 00c1 646F7562 		.ascii	"double\000"
 356      6C6500
 357              	.LASF8:
 358 00c8 756E7369 		.ascii	"unsigned int\000"
 358      676E6564 
 358      20696E74 
 358      00
 359              	.LASF7:
 360 00d5 6C6F6E67 		.ascii	"long long unsigned int\000"
ARM GAS  C:\Users\rolf\AppData\Local\Temp\cc7PZxEe.s 			page 9


 360      206C6F6E 
 360      6720756E 
 360      7369676E 
 360      65642069 
 361              	.LASF14:
 362 00ec 474E5520 		.ascii	"GNU C11 5.4.1 20160609 (release) [ARM/embedded-5-br"
 362      43313120 
 362      352E342E 
 362      31203230 
 362      31363036 
 363 011f 616E6368 		.ascii	"anch revision 237715] -mcpu=cortex-m0 -mthumb -g -O"
 363      20726576 
 363      6973696F 
 363      6E203233 
 363      37373135 
 364 0152 67202D66 		.ascii	"g -ffunction-sections -ffat-lto-objects\000"
 364      66756E63 
 364      74696F6E 
 364      2D736563 
 364      74696F6E 
 365              	.LASF6:
 366 017a 6C6F6E67 		.ascii	"long long int\000"
 366      206C6F6E 
 366      6720696E 
 366      7400
 367              	.LASF11:
 368 0188 63686172 		.ascii	"char\000"
 368      00
 369              	.LASF2:
 370 018d 73686F72 		.ascii	"short int\000"
 370      7420696E 
 370      7400
 371              	.LASF12:
 372 0197 75696E74 		.ascii	"uint8\000"
 372      3800
 373              	.LASF4:
 374 019d 6C6F6E67 		.ascii	"long int\000"
 374      20696E74 
 374      00
 375              	.LASF0:
 376 01a6 7369676E 		.ascii	"signed char\000"
 376      65642063 
 376      68617200 
 377              	.LASF17:
 378 01b2 436F6E74 		.ascii	"Control_SELECT_SPI_Write\000"
 378      726F6C5F 
 378      53454C45 
 378      43545F53 
 378      50495F57 
 379              		.ident	"GCC: (GNU Tools for ARM Embedded Processors) 5.4.1 20160609 (release) [ARM/embedded-5-bran
