ARM GAS  C:\Users\rolf\AppData\Local\Temp\ccrHNr23.s 			page 1


   1              		.syntax unified
   2              		.cpu cortex-m0
   3              		.fpu softvfp
   4              		.eabi_attribute 20, 1
   5              		.eabi_attribute 21, 1
   6              		.eabi_attribute 23, 3
   7              		.eabi_attribute 24, 1
   8              		.eabi_attribute 25, 1
   9              		.eabi_attribute 26, 1
  10              		.eabi_attribute 30, 1
  11              		.eabi_attribute 34, 0
  12              		.eabi_attribute 18, 4
  13              		.thumb
  14              		.syntax unified
  15              		.file	"USBUART_vnd.c"
  16              		.text
  17              	.Ltext0:
  18              		.cfi_sections	.debug_frame
  19              		.section	.text.USBUART_HandleVendorRqst,"ax",%progbits
  20              		.align	2
  21              		.global	USBUART_HandleVendorRqst
  22              		.code	16
  23              		.thumb_func
  24              		.type	USBUART_HandleVendorRqst, %function
  25              	USBUART_HandleVendorRqst:
  26              	.LFB1:
  27              		.file 1 "Generated_Source\\PSoC4\\USBUART_vnd.c"
   1:Generated_Source\PSoC4/USBUART_vnd.c **** /***************************************************************************//**
   2:Generated_Source\PSoC4/USBUART_vnd.c **** * \file USBUART_vnd.c
   3:Generated_Source\PSoC4/USBUART_vnd.c **** * \version 3.20
   4:Generated_Source\PSoC4/USBUART_vnd.c **** *
   5:Generated_Source\PSoC4/USBUART_vnd.c **** * \brief
   6:Generated_Source\PSoC4/USBUART_vnd.c **** *  This file contains the  USB vendor request handler.
   7:Generated_Source\PSoC4/USBUART_vnd.c **** *
   8:Generated_Source\PSoC4/USBUART_vnd.c **** ********************************************************************************
   9:Generated_Source\PSoC4/USBUART_vnd.c **** * \copyright
  10:Generated_Source\PSoC4/USBUART_vnd.c **** * Copyright 2008-2016, Cypress Semiconductor Corporation.  All rights reserved.
  11:Generated_Source\PSoC4/USBUART_vnd.c **** * You may use this file only in accordance with the license, terms, conditions,
  12:Generated_Source\PSoC4/USBUART_vnd.c **** * disclaimers, and limitations in the end user license agreement accompanying
  13:Generated_Source\PSoC4/USBUART_vnd.c **** * the software package with which this file was provided.
  14:Generated_Source\PSoC4/USBUART_vnd.c **** *******************************************************************************/
  15:Generated_Source\PSoC4/USBUART_vnd.c **** 
  16:Generated_Source\PSoC4/USBUART_vnd.c **** #include "USBUART_pvt.h"
  17:Generated_Source\PSoC4/USBUART_vnd.c **** #include "cyapicallbacks.h"
  18:Generated_Source\PSoC4/USBUART_vnd.c **** 
  19:Generated_Source\PSoC4/USBUART_vnd.c **** #if(USBUART_EXTERN_VND == USBUART_FALSE)
  20:Generated_Source\PSoC4/USBUART_vnd.c **** 
  21:Generated_Source\PSoC4/USBUART_vnd.c **** /***************************************
  22:Generated_Source\PSoC4/USBUART_vnd.c **** * Vendor Specific Declarations
  23:Generated_Source\PSoC4/USBUART_vnd.c **** ***************************************/
  24:Generated_Source\PSoC4/USBUART_vnd.c **** 
  25:Generated_Source\PSoC4/USBUART_vnd.c **** /* `#START VENDOR_SPECIFIC_DECLARATIONS` Place your declaration here */
  26:Generated_Source\PSoC4/USBUART_vnd.c **** 
  27:Generated_Source\PSoC4/USBUART_vnd.c **** /* `#END` */
  28:Generated_Source\PSoC4/USBUART_vnd.c **** 
  29:Generated_Source\PSoC4/USBUART_vnd.c **** 
  30:Generated_Source\PSoC4/USBUART_vnd.c **** /*******************************************************************************
ARM GAS  C:\Users\rolf\AppData\Local\Temp\ccrHNr23.s 			page 2


  31:Generated_Source\PSoC4/USBUART_vnd.c **** * Function Name: USBUART_HandleVendorRqst
  32:Generated_Source\PSoC4/USBUART_vnd.c **** ****************************************************************************//**
  33:Generated_Source\PSoC4/USBUART_vnd.c **** *
  34:Generated_Source\PSoC4/USBUART_vnd.c **** *  This routine provide users with a method to implement vendor specific
  35:Generated_Source\PSoC4/USBUART_vnd.c **** *  requests.
  36:Generated_Source\PSoC4/USBUART_vnd.c **** *
  37:Generated_Source\PSoC4/USBUART_vnd.c **** *  To implement vendor specific requests, add your code in this function to
  38:Generated_Source\PSoC4/USBUART_vnd.c **** *  decode and disposition the request.  If the request is handled, your code
  39:Generated_Source\PSoC4/USBUART_vnd.c **** *  must set the variable "requestHandled" to TRUE, indicating that the
  40:Generated_Source\PSoC4/USBUART_vnd.c **** *  request has been handled.
  41:Generated_Source\PSoC4/USBUART_vnd.c **** *
  42:Generated_Source\PSoC4/USBUART_vnd.c **** * \return
  43:Generated_Source\PSoC4/USBUART_vnd.c **** *  requestHandled.
  44:Generated_Source\PSoC4/USBUART_vnd.c **** *
  45:Generated_Source\PSoC4/USBUART_vnd.c **** * \reentrant
  46:Generated_Source\PSoC4/USBUART_vnd.c **** *  No.
  47:Generated_Source\PSoC4/USBUART_vnd.c **** *
  48:Generated_Source\PSoC4/USBUART_vnd.c **** *******************************************************************************/
  49:Generated_Source\PSoC4/USBUART_vnd.c **** uint8 USBUART_HandleVendorRqst(void) 
  50:Generated_Source\PSoC4/USBUART_vnd.c **** {
  28              		.loc 1 50 0
  29              		.cfi_startproc
  30              		@ args = 0, pretend = 0, frame = 0
  31              		@ frame_needed = 0, uses_anonymous_args = 0
  32 0000 10B5     		push	{r4, lr}
  33              		.cfi_def_cfa_offset 8
  34              		.cfi_offset 4, -8
  35              		.cfi_offset 14, -4
  36              	.LVL0:
  51:Generated_Source\PSoC4/USBUART_vnd.c ****     uint8 requestHandled = USBUART_FALSE;
  52:Generated_Source\PSoC4/USBUART_vnd.c **** 
  53:Generated_Source\PSoC4/USBUART_vnd.c ****     /* Check request direction: D2H or H2D. */
  54:Generated_Source\PSoC4/USBUART_vnd.c ****     if (0u != (USBUART_bmRequestTypeReg & USBUART_RQST_DIR_D2H))
  37              		.loc 1 54 0
  38 0002 0A4B     		ldr	r3, .L7
  39 0004 1B68     		ldr	r3, [r3]
  40 0006 1B06     		lsls	r3, r3, #24
  41 0008 0BD5     		bpl	.L4
  55:Generated_Source\PSoC4/USBUART_vnd.c ****     {
  56:Generated_Source\PSoC4/USBUART_vnd.c ****         /* Handle direction from device to host. */
  57:Generated_Source\PSoC4/USBUART_vnd.c ****         
  58:Generated_Source\PSoC4/USBUART_vnd.c ****         switch (USBUART_bRequestReg)
  42              		.loc 1 58 0
  43 000a 084B     		ldr	r3, .L7
  44 000c 5B68     		ldr	r3, [r3, #4]
  45 000e 012B     		cmp	r3, #1
  46 0010 09D1     		bne	.L6
  59:Generated_Source\PSoC4/USBUART_vnd.c ****         {
  60:Generated_Source\PSoC4/USBUART_vnd.c ****             case USBUART_GET_EXTENDED_CONFIG_DESCRIPTOR:
  61:Generated_Source\PSoC4/USBUART_vnd.c ****             #if defined(USBUART_ENABLE_MSOS_STRING)
  62:Generated_Source\PSoC4/USBUART_vnd.c ****                 USBUART_currentTD.pData = (volatile uint8 *) &USBUART_MSOS_CONFIGURATION_DESCR[0u];
  47              		.loc 1 62 0
  48 0012 074B     		ldr	r3, .L7+4
  49 0014 074A     		ldr	r2, .L7+8
  50 0016 5A60     		str	r2, [r3, #4]
  63:Generated_Source\PSoC4/USBUART_vnd.c ****                 USBUART_currentTD.count = USBUART_MSOS_CONFIGURATION_DESCR[0u];
  51              		.loc 1 63 0
ARM GAS  C:\Users\rolf\AppData\Local\Temp\ccrHNr23.s 			page 3


  52 0018 1278     		ldrb	r2, [r2]
  53 001a 1A80     		strh	r2, [r3]
  64:Generated_Source\PSoC4/USBUART_vnd.c ****                 requestHandled  = USBUART_InitControlRead();
  54              		.loc 1 64 0
  55 001c FFF7FEFF 		bl	USBUART_InitControlRead
  56              	.LVL1:
  65:Generated_Source\PSoC4/USBUART_vnd.c ****             #endif /* (USBUART_ENABLE_MSOS_STRING) */
  66:Generated_Source\PSoC4/USBUART_vnd.c ****                 break;
  57              		.loc 1 66 0
  58 0020 02E0     		b	.L2
  59              	.LVL2:
  60              	.L4:
  51:Generated_Source\PSoC4/USBUART_vnd.c **** 
  61              		.loc 1 51 0
  62 0022 0020     		movs	r0, #0
  63 0024 00E0     		b	.L2
  64              	.L6:
  65 0026 0020     		movs	r0, #0
  66              	.LVL3:
  67              	.L2:
  67:Generated_Source\PSoC4/USBUART_vnd.c ****             
  68:Generated_Source\PSoC4/USBUART_vnd.c ****             default:
  69:Generated_Source\PSoC4/USBUART_vnd.c ****                 break;
  70:Generated_Source\PSoC4/USBUART_vnd.c ****         }
  71:Generated_Source\PSoC4/USBUART_vnd.c ****     }
  72:Generated_Source\PSoC4/USBUART_vnd.c **** 
  73:Generated_Source\PSoC4/USBUART_vnd.c ****     /* `#START VENDOR_SPECIFIC_CODE` Place your vendor specific request here */
  74:Generated_Source\PSoC4/USBUART_vnd.c **** 
  75:Generated_Source\PSoC4/USBUART_vnd.c ****     /* `#END` */
  76:Generated_Source\PSoC4/USBUART_vnd.c **** 
  77:Generated_Source\PSoC4/USBUART_vnd.c **** #ifdef USBUART_HANDLE_VENDOR_RQST_CALLBACK
  78:Generated_Source\PSoC4/USBUART_vnd.c ****     if (USBUART_FALSE == requestHandled)
  79:Generated_Source\PSoC4/USBUART_vnd.c ****     {
  80:Generated_Source\PSoC4/USBUART_vnd.c ****         requestHandled = USBUART_HandleVendorRqst_Callback();
  81:Generated_Source\PSoC4/USBUART_vnd.c ****     }
  82:Generated_Source\PSoC4/USBUART_vnd.c **** #endif /* (USBUART_HANDLE_VENDOR_RQST_CALLBACK) */
  83:Generated_Source\PSoC4/USBUART_vnd.c **** 
  84:Generated_Source\PSoC4/USBUART_vnd.c ****     return (requestHandled);
  85:Generated_Source\PSoC4/USBUART_vnd.c **** }
  68              		.loc 1 85 0
  69              		@ sp needed
  70 0028 10BD     		pop	{r4, pc}
  71              	.L8:
  72 002a C046     		.align	2
  73              	.L7:
  74 002c 00002C40 		.word	1076625408
  75 0030 00000000 		.word	USBUART_currentTD
  76 0034 00000000 		.word	USBUART_MSOS_CONFIGURATION_DESCR
  77              		.cfi_endproc
  78              	.LFE1:
  79              		.size	USBUART_HandleVendorRqst, .-USBUART_HandleVendorRqst
  80              		.text
  81              	.Letext0:
  82              		.file 2 "Generated_Source\\PSoC4\\cytypes.h"
  83              		.file 3 "Generated_Source\\PSoC4\\USBUART.h"
  84              		.file 4 "Generated_Source\\PSoC4\\USBUART_pvt.h"
  85              		.section	.debug_info,"",%progbits
ARM GAS  C:\Users\rolf\AppData\Local\Temp\ccrHNr23.s 			page 4


  86              	.Ldebug_info0:
  87 0000 C6010000 		.4byte	0x1c6
  88 0004 0400     		.2byte	0x4
  89 0006 00000000 		.4byte	.Ldebug_abbrev0
  90 000a 04       		.byte	0x4
  91 000b 01       		.uleb128 0x1
  92 000c 1F010000 		.4byte	.LASF28
  93 0010 0C       		.byte	0xc
  94 0011 66020000 		.4byte	.LASF29
  95 0015 13000000 		.4byte	.LASF30
  96 0019 00000000 		.4byte	.Ldebug_ranges0+0
  97 001d 00000000 		.4byte	0
  98 0021 00000000 		.4byte	.Ldebug_line0
  99 0025 02       		.uleb128 0x2
 100 0026 01       		.byte	0x1
 101 0027 06       		.byte	0x6
 102 0028 47020000 		.4byte	.LASF0
 103 002c 02       		.uleb128 0x2
 104 002d 01       		.byte	0x1
 105 002e 08       		.byte	0x8
 106 002f 64000000 		.4byte	.LASF1
 107 0033 02       		.uleb128 0x2
 108 0034 02       		.byte	0x2
 109 0035 05       		.byte	0x5
 110 0036 00020000 		.4byte	.LASF2
 111 003a 02       		.uleb128 0x2
 112 003b 02       		.byte	0x2
 113 003c 07       		.byte	0x7
 114 003d 53020000 		.4byte	.LASF3
 115 0041 02       		.uleb128 0x2
 116 0042 04       		.byte	0x4
 117 0043 05       		.byte	0x5
 118 0044 32020000 		.4byte	.LASF4
 119 0048 02       		.uleb128 0x2
 120 0049 04       		.byte	0x4
 121 004a 07       		.byte	0x7
 122 004b 7F000000 		.4byte	.LASF5
 123 004f 02       		.uleb128 0x2
 124 0050 08       		.byte	0x8
 125 0051 05       		.byte	0x5
 126 0052 CE010000 		.4byte	.LASF6
 127 0056 02       		.uleb128 0x2
 128 0057 08       		.byte	0x8
 129 0058 07       		.byte	0x7
 130 0059 EC000000 		.4byte	.LASF7
 131 005d 03       		.uleb128 0x3
 132 005e 04       		.byte	0x4
 133 005f 05       		.byte	0x5
 134 0060 696E7400 		.ascii	"int\000"
 135 0064 02       		.uleb128 0x2
 136 0065 04       		.byte	0x4
 137 0066 07       		.byte	0x7
 138 0067 DF000000 		.4byte	.LASF8
 139 006b 04       		.uleb128 0x4
 140 006c 91000000 		.4byte	.LASF9
 141 0070 02       		.byte	0x2
 142 0071 FB01     		.2byte	0x1fb
ARM GAS  C:\Users\rolf\AppData\Local\Temp\ccrHNr23.s 			page 5


 143 0073 2C000000 		.4byte	0x2c
 144 0077 04       		.uleb128 0x4
 145 0078 D1000000 		.4byte	.LASF10
 146 007c 02       		.byte	0x2
 147 007d FC01     		.2byte	0x1fc
 148 007f 3A000000 		.4byte	0x3a
 149 0083 04       		.uleb128 0x4
 150 0084 D8000000 		.4byte	.LASF11
 151 0088 02       		.byte	0x2
 152 0089 FD01     		.2byte	0x1fd
 153 008b 48000000 		.4byte	0x48
 154 008f 02       		.uleb128 0x2
 155 0090 04       		.byte	0x4
 156 0091 04       		.byte	0x4
 157 0092 5E000000 		.4byte	.LASF12
 158 0096 02       		.uleb128 0x2
 159 0097 08       		.byte	0x8
 160 0098 04       		.byte	0x4
 161 0099 B8000000 		.4byte	.LASF13
 162 009d 02       		.uleb128 0x2
 163 009e 01       		.byte	0x1
 164 009f 08       		.byte	0x8
 165 00a0 DC010000 		.4byte	.LASF14
 166 00a4 05       		.uleb128 0x5
 167 00a5 6B000000 		.4byte	0x6b
 168 00a9 02       		.uleb128 0x2
 169 00aa 08       		.byte	0x8
 170 00ab 04       		.byte	0x4
 171 00ac 3B020000 		.4byte	.LASF15
 172 00b0 02       		.uleb128 0x2
 173 00b1 04       		.byte	0x4
 174 00b2 07       		.byte	0x7
 175 00b3 C5010000 		.4byte	.LASF16
 176 00b7 06       		.uleb128 0x6
 177 00b8 04       		.byte	0x4
 178 00b9 03       		.byte	0x3
 179 00ba A6       		.byte	0xa6
 180 00bb D8000000 		.4byte	0xd8
 181 00bf 07       		.uleb128 0x7
 182 00c0 4A000000 		.4byte	.LASF17
 183 00c4 03       		.byte	0x3
 184 00c5 A8       		.byte	0xa8
 185 00c6 6B000000 		.4byte	0x6b
 186 00ca 00       		.byte	0
 187 00cb 07       		.uleb128 0x7
 188 00cc E1010000 		.4byte	.LASF18
 189 00d0 03       		.byte	0x3
 190 00d1 A9       		.byte	0xa9
 191 00d2 77000000 		.4byte	0x77
 192 00d6 02       		.byte	0x2
 193 00d7 00       		.byte	0
 194 00d8 08       		.uleb128 0x8
 195 00d9 03010000 		.4byte	.LASF19
 196 00dd 03       		.byte	0x3
 197 00de AA       		.byte	0xaa
 198 00df B7000000 		.4byte	0xb7
 199 00e3 06       		.uleb128 0x6
ARM GAS  C:\Users\rolf\AppData\Local\Temp\ccrHNr23.s 			page 6


 200 00e4 0C       		.byte	0xc
 201 00e5 03       		.byte	0x3
 202 00e6 AC       		.byte	0xac
 203 00e7 10010000 		.4byte	0x110
 204 00eb 07       		.uleb128 0x7
 205 00ec 0D000000 		.4byte	.LASF20
 206 00f0 03       		.byte	0x3
 207 00f1 AE       		.byte	0xae
 208 00f2 77000000 		.4byte	0x77
 209 00f6 00       		.byte	0
 210 00f7 07       		.uleb128 0x7
 211 00f8 51000000 		.4byte	.LASF21
 212 00fc 03       		.byte	0x3
 213 00fd AF       		.byte	0xaf
 214 00fe 10010000 		.4byte	0x110
 215 0102 04       		.byte	0x4
 216 0103 07       		.uleb128 0x7
 217 0104 00000000 		.4byte	.LASF22
 218 0108 03       		.byte	0x3
 219 0109 B0       		.byte	0xb0
 220 010a 16010000 		.4byte	0x116
 221 010e 08       		.byte	0x8
 222 010f 00       		.byte	0
 223 0110 09       		.uleb128 0x9
 224 0111 04       		.byte	0x4
 225 0112 A4000000 		.4byte	0xa4
 226 0116 09       		.uleb128 0x9
 227 0117 04       		.byte	0x4
 228 0118 D8000000 		.4byte	0xd8
 229 011c 08       		.uleb128 0x8
 230 011d 72000000 		.4byte	.LASF23
 231 0121 03       		.byte	0x3
 232 0122 B1       		.byte	0xb1
 233 0123 E3000000 		.4byte	0xe3
 234 0127 06       		.uleb128 0x6
 235 0128 20       		.byte	0x20
 236 0129 03       		.byte	0x3
 237 012a C7       		.byte	0xc7
 238 012b 3C010000 		.4byte	0x13c
 239 012f 07       		.uleb128 0x7
 240 0130 57000000 		.4byte	.LASF24
 241 0134 03       		.byte	0x3
 242 0135 C9       		.byte	0xc9
 243 0136 3C010000 		.4byte	0x13c
 244 013a 00       		.byte	0
 245 013b 00       		.byte	0
 246 013c 0A       		.uleb128 0xa
 247 013d 83000000 		.4byte	0x83
 248 0141 4C010000 		.4byte	0x14c
 249 0145 0B       		.uleb128 0xb
 250 0146 B0000000 		.4byte	0xb0
 251 014a 07       		.byte	0x7
 252 014b 00       		.byte	0
 253 014c 08       		.uleb128 0x8
 254 014d E8010000 		.4byte	.LASF25
 255 0151 03       		.byte	0x3
 256 0152 CA       		.byte	0xca
ARM GAS  C:\Users\rolf\AppData\Local\Temp\ccrHNr23.s 			page 7


 257 0153 27010000 		.4byte	0x127
 258 0157 0C       		.uleb128 0xc
 259 0158 0A020000 		.4byte	.LASF31
 260 015c 01       		.byte	0x1
 261 015d 31       		.byte	0x31
 262 015e 6B000000 		.4byte	0x6b
 263 0162 00000000 		.4byte	.LFB1
 264 0166 38000000 		.4byte	.LFE1-.LFB1
 265 016a 01       		.uleb128 0x1
 266 016b 9C       		.byte	0x9c
 267 016c 89010000 		.4byte	0x189
 268 0170 0D       		.uleb128 0xd
 269 0171 23020000 		.4byte	.LASF32
 270 0175 01       		.byte	0x1
 271 0176 33       		.byte	0x33
 272 0177 6B000000 		.4byte	0x6b
 273 017b 00000000 		.4byte	.LLST0
 274 017f 0E       		.uleb128 0xe
 275 0180 20000000 		.4byte	.LVL1
 276 0184 BE010000 		.4byte	0x1be
 277 0188 00       		.byte	0
 278 0189 0A       		.uleb128 0xa
 279 018a 99010000 		.4byte	0x199
 280 018e 99010000 		.4byte	0x199
 281 0192 0B       		.uleb128 0xb
 282 0193 B0000000 		.4byte	0xb0
 283 0197 27       		.byte	0x27
 284 0198 00       		.byte	0
 285 0199 0F       		.uleb128 0xf
 286 019a 6B000000 		.4byte	0x6b
 287 019e 10       		.uleb128 0x10
 288 019f 97000000 		.4byte	.LASF26
 289 01a3 04       		.byte	0x4
 290 01a4 6D       		.byte	0x6d
 291 01a5 A9010000 		.4byte	0x1a9
 292 01a9 0F       		.uleb128 0xf
 293 01aa 89010000 		.4byte	0x189
 294 01ae 10       		.uleb128 0x10
 295 01af BF000000 		.4byte	.LASF27
 296 01b3 04       		.byte	0x4
 297 01b4 7A       		.byte	0x7a
 298 01b5 B9010000 		.4byte	0x1b9
 299 01b9 05       		.uleb128 0x5
 300 01ba 1C010000 		.4byte	0x11c
 301 01be 11       		.uleb128 0x11
 302 01bf AD010000 		.4byte	.LASF33
 303 01c3 AD010000 		.4byte	.LASF33
 304 01c7 04       		.byte	0x4
 305 01c8 A9       		.byte	0xa9
 306 01c9 00       		.byte	0
 307              		.section	.debug_abbrev,"",%progbits
 308              	.Ldebug_abbrev0:
 309 0000 01       		.uleb128 0x1
 310 0001 11       		.uleb128 0x11
 311 0002 01       		.byte	0x1
 312 0003 25       		.uleb128 0x25
 313 0004 0E       		.uleb128 0xe
ARM GAS  C:\Users\rolf\AppData\Local\Temp\ccrHNr23.s 			page 8


 314 0005 13       		.uleb128 0x13
 315 0006 0B       		.uleb128 0xb
 316 0007 03       		.uleb128 0x3
 317 0008 0E       		.uleb128 0xe
 318 0009 1B       		.uleb128 0x1b
 319 000a 0E       		.uleb128 0xe
 320 000b 55       		.uleb128 0x55
 321 000c 17       		.uleb128 0x17
 322 000d 11       		.uleb128 0x11
 323 000e 01       		.uleb128 0x1
 324 000f 10       		.uleb128 0x10
 325 0010 17       		.uleb128 0x17
 326 0011 00       		.byte	0
 327 0012 00       		.byte	0
 328 0013 02       		.uleb128 0x2
 329 0014 24       		.uleb128 0x24
 330 0015 00       		.byte	0
 331 0016 0B       		.uleb128 0xb
 332 0017 0B       		.uleb128 0xb
 333 0018 3E       		.uleb128 0x3e
 334 0019 0B       		.uleb128 0xb
 335 001a 03       		.uleb128 0x3
 336 001b 0E       		.uleb128 0xe
 337 001c 00       		.byte	0
 338 001d 00       		.byte	0
 339 001e 03       		.uleb128 0x3
 340 001f 24       		.uleb128 0x24
 341 0020 00       		.byte	0
 342 0021 0B       		.uleb128 0xb
 343 0022 0B       		.uleb128 0xb
 344 0023 3E       		.uleb128 0x3e
 345 0024 0B       		.uleb128 0xb
 346 0025 03       		.uleb128 0x3
 347 0026 08       		.uleb128 0x8
 348 0027 00       		.byte	0
 349 0028 00       		.byte	0
 350 0029 04       		.uleb128 0x4
 351 002a 16       		.uleb128 0x16
 352 002b 00       		.byte	0
 353 002c 03       		.uleb128 0x3
 354 002d 0E       		.uleb128 0xe
 355 002e 3A       		.uleb128 0x3a
 356 002f 0B       		.uleb128 0xb
 357 0030 3B       		.uleb128 0x3b
 358 0031 05       		.uleb128 0x5
 359 0032 49       		.uleb128 0x49
 360 0033 13       		.uleb128 0x13
 361 0034 00       		.byte	0
 362 0035 00       		.byte	0
 363 0036 05       		.uleb128 0x5
 364 0037 35       		.uleb128 0x35
 365 0038 00       		.byte	0
 366 0039 49       		.uleb128 0x49
 367 003a 13       		.uleb128 0x13
 368 003b 00       		.byte	0
 369 003c 00       		.byte	0
 370 003d 06       		.uleb128 0x6
ARM GAS  C:\Users\rolf\AppData\Local\Temp\ccrHNr23.s 			page 9


 371 003e 13       		.uleb128 0x13
 372 003f 01       		.byte	0x1
 373 0040 0B       		.uleb128 0xb
 374 0041 0B       		.uleb128 0xb
 375 0042 3A       		.uleb128 0x3a
 376 0043 0B       		.uleb128 0xb
 377 0044 3B       		.uleb128 0x3b
 378 0045 0B       		.uleb128 0xb
 379 0046 01       		.uleb128 0x1
 380 0047 13       		.uleb128 0x13
 381 0048 00       		.byte	0
 382 0049 00       		.byte	0
 383 004a 07       		.uleb128 0x7
 384 004b 0D       		.uleb128 0xd
 385 004c 00       		.byte	0
 386 004d 03       		.uleb128 0x3
 387 004e 0E       		.uleb128 0xe
 388 004f 3A       		.uleb128 0x3a
 389 0050 0B       		.uleb128 0xb
 390 0051 3B       		.uleb128 0x3b
 391 0052 0B       		.uleb128 0xb
 392 0053 49       		.uleb128 0x49
 393 0054 13       		.uleb128 0x13
 394 0055 38       		.uleb128 0x38
 395 0056 0B       		.uleb128 0xb
 396 0057 00       		.byte	0
 397 0058 00       		.byte	0
 398 0059 08       		.uleb128 0x8
 399 005a 16       		.uleb128 0x16
 400 005b 00       		.byte	0
 401 005c 03       		.uleb128 0x3
 402 005d 0E       		.uleb128 0xe
 403 005e 3A       		.uleb128 0x3a
 404 005f 0B       		.uleb128 0xb
 405 0060 3B       		.uleb128 0x3b
 406 0061 0B       		.uleb128 0xb
 407 0062 49       		.uleb128 0x49
 408 0063 13       		.uleb128 0x13
 409 0064 00       		.byte	0
 410 0065 00       		.byte	0
 411 0066 09       		.uleb128 0x9
 412 0067 0F       		.uleb128 0xf
 413 0068 00       		.byte	0
 414 0069 0B       		.uleb128 0xb
 415 006a 0B       		.uleb128 0xb
 416 006b 49       		.uleb128 0x49
 417 006c 13       		.uleb128 0x13
 418 006d 00       		.byte	0
 419 006e 00       		.byte	0
 420 006f 0A       		.uleb128 0xa
 421 0070 01       		.uleb128 0x1
 422 0071 01       		.byte	0x1
 423 0072 49       		.uleb128 0x49
 424 0073 13       		.uleb128 0x13
 425 0074 01       		.uleb128 0x1
 426 0075 13       		.uleb128 0x13
 427 0076 00       		.byte	0
ARM GAS  C:\Users\rolf\AppData\Local\Temp\ccrHNr23.s 			page 10


 428 0077 00       		.byte	0
 429 0078 0B       		.uleb128 0xb
 430 0079 21       		.uleb128 0x21
 431 007a 00       		.byte	0
 432 007b 49       		.uleb128 0x49
 433 007c 13       		.uleb128 0x13
 434 007d 2F       		.uleb128 0x2f
 435 007e 0B       		.uleb128 0xb
 436 007f 00       		.byte	0
 437 0080 00       		.byte	0
 438 0081 0C       		.uleb128 0xc
 439 0082 2E       		.uleb128 0x2e
 440 0083 01       		.byte	0x1
 441 0084 3F       		.uleb128 0x3f
 442 0085 19       		.uleb128 0x19
 443 0086 03       		.uleb128 0x3
 444 0087 0E       		.uleb128 0xe
 445 0088 3A       		.uleb128 0x3a
 446 0089 0B       		.uleb128 0xb
 447 008a 3B       		.uleb128 0x3b
 448 008b 0B       		.uleb128 0xb
 449 008c 27       		.uleb128 0x27
 450 008d 19       		.uleb128 0x19
 451 008e 49       		.uleb128 0x49
 452 008f 13       		.uleb128 0x13
 453 0090 11       		.uleb128 0x11
 454 0091 01       		.uleb128 0x1
 455 0092 12       		.uleb128 0x12
 456 0093 06       		.uleb128 0x6
 457 0094 40       		.uleb128 0x40
 458 0095 18       		.uleb128 0x18
 459 0096 9742     		.uleb128 0x2117
 460 0098 19       		.uleb128 0x19
 461 0099 01       		.uleb128 0x1
 462 009a 13       		.uleb128 0x13
 463 009b 00       		.byte	0
 464 009c 00       		.byte	0
 465 009d 0D       		.uleb128 0xd
 466 009e 34       		.uleb128 0x34
 467 009f 00       		.byte	0
 468 00a0 03       		.uleb128 0x3
 469 00a1 0E       		.uleb128 0xe
 470 00a2 3A       		.uleb128 0x3a
 471 00a3 0B       		.uleb128 0xb
 472 00a4 3B       		.uleb128 0x3b
 473 00a5 0B       		.uleb128 0xb
 474 00a6 49       		.uleb128 0x49
 475 00a7 13       		.uleb128 0x13
 476 00a8 02       		.uleb128 0x2
 477 00a9 17       		.uleb128 0x17
 478 00aa 00       		.byte	0
 479 00ab 00       		.byte	0
 480 00ac 0E       		.uleb128 0xe
 481 00ad 898201   		.uleb128 0x4109
 482 00b0 00       		.byte	0
 483 00b1 11       		.uleb128 0x11
 484 00b2 01       		.uleb128 0x1
ARM GAS  C:\Users\rolf\AppData\Local\Temp\ccrHNr23.s 			page 11


 485 00b3 31       		.uleb128 0x31
 486 00b4 13       		.uleb128 0x13
 487 00b5 00       		.byte	0
 488 00b6 00       		.byte	0
 489 00b7 0F       		.uleb128 0xf
 490 00b8 26       		.uleb128 0x26
 491 00b9 00       		.byte	0
 492 00ba 49       		.uleb128 0x49
 493 00bb 13       		.uleb128 0x13
 494 00bc 00       		.byte	0
 495 00bd 00       		.byte	0
 496 00be 10       		.uleb128 0x10
 497 00bf 34       		.uleb128 0x34
 498 00c0 00       		.byte	0
 499 00c1 03       		.uleb128 0x3
 500 00c2 0E       		.uleb128 0xe
 501 00c3 3A       		.uleb128 0x3a
 502 00c4 0B       		.uleb128 0xb
 503 00c5 3B       		.uleb128 0x3b
 504 00c6 0B       		.uleb128 0xb
 505 00c7 49       		.uleb128 0x49
 506 00c8 13       		.uleb128 0x13
 507 00c9 3F       		.uleb128 0x3f
 508 00ca 19       		.uleb128 0x19
 509 00cb 3C       		.uleb128 0x3c
 510 00cc 19       		.uleb128 0x19
 511 00cd 00       		.byte	0
 512 00ce 00       		.byte	0
 513 00cf 11       		.uleb128 0x11
 514 00d0 2E       		.uleb128 0x2e
 515 00d1 00       		.byte	0
 516 00d2 3F       		.uleb128 0x3f
 517 00d3 19       		.uleb128 0x19
 518 00d4 3C       		.uleb128 0x3c
 519 00d5 19       		.uleb128 0x19
 520 00d6 6E       		.uleb128 0x6e
 521 00d7 0E       		.uleb128 0xe
 522 00d8 03       		.uleb128 0x3
 523 00d9 0E       		.uleb128 0xe
 524 00da 3A       		.uleb128 0x3a
 525 00db 0B       		.uleb128 0xb
 526 00dc 3B       		.uleb128 0x3b
 527 00dd 0B       		.uleb128 0xb
 528 00de 00       		.byte	0
 529 00df 00       		.byte	0
 530 00e0 00       		.byte	0
 531              		.section	.debug_loc,"",%progbits
 532              	.Ldebug_loc0:
 533              	.LLST0:
 534 0000 02000000 		.4byte	.LVL0
 535 0004 20000000 		.4byte	.LVL1
 536 0008 0200     		.2byte	0x2
 537 000a 30       		.byte	0x30
 538 000b 9F       		.byte	0x9f
 539 000c 20000000 		.4byte	.LVL1
 540 0010 22000000 		.4byte	.LVL2
 541 0014 0100     		.2byte	0x1
ARM GAS  C:\Users\rolf\AppData\Local\Temp\ccrHNr23.s 			page 12


 542 0016 50       		.byte	0x50
 543 0017 22000000 		.4byte	.LVL2
 544 001b 28000000 		.4byte	.LVL3
 545 001f 0200     		.2byte	0x2
 546 0021 30       		.byte	0x30
 547 0022 9F       		.byte	0x9f
 548 0023 28000000 		.4byte	.LVL3
 549 0027 38000000 		.4byte	.LFE1
 550 002b 0100     		.2byte	0x1
 551 002d 50       		.byte	0x50
 552 002e 00000000 		.4byte	0
 553 0032 00000000 		.4byte	0
 554              		.section	.debug_aranges,"",%progbits
 555 0000 1C000000 		.4byte	0x1c
 556 0004 0200     		.2byte	0x2
 557 0006 00000000 		.4byte	.Ldebug_info0
 558 000a 04       		.byte	0x4
 559 000b 00       		.byte	0
 560 000c 0000     		.2byte	0
 561 000e 0000     		.2byte	0
 562 0010 00000000 		.4byte	.LFB1
 563 0014 38000000 		.4byte	.LFE1-.LFB1
 564 0018 00000000 		.4byte	0
 565 001c 00000000 		.4byte	0
 566              		.section	.debug_ranges,"",%progbits
 567              	.Ldebug_ranges0:
 568 0000 00000000 		.4byte	.LFB1
 569 0004 38000000 		.4byte	.LFE1
 570 0008 00000000 		.4byte	0
 571 000c 00000000 		.4byte	0
 572              		.section	.debug_line,"",%progbits
 573              	.Ldebug_line0:
 574 0000 87000000 		.section	.debug_str,"MS",%progbits,1
 574      02006600 
 574      00000201 
 574      FB0E0D00 
 574      01010101 
 575              	.LASF22:
 576 0000 70537461 		.ascii	"pStatusBlock\000"
 576      74757342 
 576      6C6F636B 
 576      00
 577              	.LASF20:
 578 000d 636F756E 		.ascii	"count\000"
 578      7400
 579              	.LASF30:
 580 0013 5C5C4D61 		.ascii	"\\\\Mac\\Data\\VScode\\GIT\\MacPro_KickStart\\PSoC4"
 580      635C4461 
 580      74615C56 
 580      53636F64 
 580      655C4749 
 581 003f 3230304C 		.ascii	"200L.cydsn\000"
 581      2E637964 
 581      736E00
 582              	.LASF17:
 583 004a 73746174 		.ascii	"status\000"
 583      757300
ARM GAS  C:\Users\rolf\AppData\Local\Temp\ccrHNr23.s 			page 13


 584              	.LASF21:
 585 0051 70446174 		.ascii	"pData\000"
 585      6100
 586              	.LASF24:
 587 0057 65704461 		.ascii	"epData\000"
 587      746100
 588              	.LASF12:
 589 005e 666C6F61 		.ascii	"float\000"
 589      7400
 590              	.LASF1:
 591 0064 756E7369 		.ascii	"unsigned char\000"
 591      676E6564 
 591      20636861 
 591      7200
 592              	.LASF23:
 593 0072 545F5553 		.ascii	"T_USBUART_TD\000"
 593      42554152 
 593      545F5444 
 593      00
 594              	.LASF5:
 595 007f 6C6F6E67 		.ascii	"long unsigned int\000"
 595      20756E73 
 595      69676E65 
 595      6420696E 
 595      7400
 596              	.LASF9:
 597 0091 75696E74 		.ascii	"uint8\000"
 597      3800
 598              	.LASF26:
 599 0097 55534255 		.ascii	"USBUART_MSOS_CONFIGURATION_DESCR\000"
 599      4152545F 
 599      4D534F53 
 599      5F434F4E 
 599      46494755 
 600              	.LASF13:
 601 00b8 646F7562 		.ascii	"double\000"
 601      6C6500
 602              	.LASF27:
 603 00bf 55534255 		.ascii	"USBUART_currentTD\000"
 603      4152545F 
 603      63757272 
 603      656E7454 
 603      4400
 604              	.LASF10:
 605 00d1 75696E74 		.ascii	"uint16\000"
 605      313600
 606              	.LASF11:
 607 00d8 75696E74 		.ascii	"uint32\000"
 607      333200
 608              	.LASF8:
 609 00df 756E7369 		.ascii	"unsigned int\000"
 609      676E6564 
 609      20696E74 
 609      00
 610              	.LASF7:
 611 00ec 6C6F6E67 		.ascii	"long long unsigned int\000"
 611      206C6F6E 
ARM GAS  C:\Users\rolf\AppData\Local\Temp\ccrHNr23.s 			page 14


 611      6720756E 
 611      7369676E 
 611      65642069 
 612              	.LASF19:
 613 0103 545F5553 		.ascii	"T_USBUART_XFER_STATUS_BLOCK\000"
 613      42554152 
 613      545F5846 
 613      45525F53 
 613      54415455 
 614              	.LASF28:
 615 011f 474E5520 		.ascii	"GNU C11 5.4.1 20160609 (release) [ARM/embedded-5-br"
 615      43313120 
 615      352E342E 
 615      31203230 
 615      31363036 
 616 0152 616E6368 		.ascii	"anch revision 237715] -mcpu=cortex-m0 -mthumb -g -O"
 616      20726576 
 616      6973696F 
 616      6E203233 
 616      37373135 
 617 0185 67202D66 		.ascii	"g -ffunction-sections -ffat-lto-objects\000"
 617      66756E63 
 617      74696F6E 
 617      2D736563 
 617      74696F6E 
 618              	.LASF33:
 619 01ad 55534255 		.ascii	"USBUART_InitControlRead\000"
 619      4152545F 
 619      496E6974 
 619      436F6E74 
 619      726F6C52 
 620              	.LASF16:
 621 01c5 73697A65 		.ascii	"sizetype\000"
 621      74797065 
 621      00
 622              	.LASF6:
 623 01ce 6C6F6E67 		.ascii	"long long int\000"
 623      206C6F6E 
 623      6720696E 
 623      7400
 624              	.LASF14:
 625 01dc 63686172 		.ascii	"char\000"
 625      00
 626              	.LASF18:
 627 01e1 6C656E67 		.ascii	"length\000"
 627      746800
 628              	.LASF25:
 629 01e8 55534255 		.ascii	"USBUART_ep0_data_struct\000"
 629      4152545F 
 629      6570305F 
 629      64617461 
 629      5F737472 
 630              	.LASF2:
 631 0200 73686F72 		.ascii	"short int\000"
 631      7420696E 
 631      7400
 632              	.LASF31:
ARM GAS  C:\Users\rolf\AppData\Local\Temp\ccrHNr23.s 			page 15


 633 020a 55534255 		.ascii	"USBUART_HandleVendorRqst\000"
 633      4152545F 
 633      48616E64 
 633      6C655665 
 633      6E646F72 
 634              	.LASF32:
 635 0223 72657175 		.ascii	"requestHandled\000"
 635      65737448 
 635      616E646C 
 635      656400
 636              	.LASF4:
 637 0232 6C6F6E67 		.ascii	"long int\000"
 637      20696E74 
 637      00
 638              	.LASF15:
 639 023b 6C6F6E67 		.ascii	"long double\000"
 639      20646F75 
 639      626C6500 
 640              	.LASF0:
 641 0247 7369676E 		.ascii	"signed char\000"
 641      65642063 
 641      68617200 
 642              	.LASF3:
 643 0253 73686F72 		.ascii	"short unsigned int\000"
 643      7420756E 
 643      7369676E 
 643      65642069 
 643      6E7400
 644              	.LASF29:
 645 0266 47656E65 		.ascii	"Generated_Source\\PSoC4\\USBUART_vnd.c\000"
 645      72617465 
 645      645F536F 
 645      75726365 
 645      5C50536F 
 646              		.ident	"GCC: (GNU Tools for ARM Embedded Processors) 5.4.1 20160609 (release) [ARM/embedded-5-bran
