ARM GAS  C:\Users\rolf\AppData\Local\Temp\ccSO3c16.s 			page 1


   1              		.syntax unified
   2              		.cpu cortex-m0
   3              		.fpu softvfp
   4              		.eabi_attribute 20, 1
   5              		.eabi_attribute 21, 1
   6              		.eabi_attribute 23, 3
   7              		.eabi_attribute 24, 1
   8              		.eabi_attribute 25, 1
   9              		.eabi_attribute 26, 1
  10              		.eabi_attribute 30, 1
  11              		.eabi_attribute 34, 0
  12              		.eabi_attribute 18, 4
  13              		.thumb
  14              		.syntax unified
  15              		.file	"USBUART_descr.c"
  16              		.text
  17              	.Ltext0:
  18              		.cfi_sections	.debug_frame
  19              		.comm	USBUART_idSerialNumberStringDescriptor,34,4
  20              		.global	USBUART_MSOS_CONFIGURATION_DESCR
  21              		.global	USBUART_MSOS_DESCRIPTOR
  22              		.global	USBUART_TABLE
  23              		.global	USBUART_DEVICE0_TABLE
  24              		.global	USBUART_DEVICE0_CONFIGURATION0_TABLE
  25              		.global	USBUART_DEVICE0_CONFIGURATION0_INTERFACE_CLASS
  26              		.global	USBUART_DEVICE0_CONFIGURATION0_EP_SETTINGS_TABLE
  27              		.global	USBUART_SN_STRING_DESCRIPTOR
  28              		.global	USBUART_STRING_DESCRIPTORS
  29              		.global	USBUART_DEVICE0_CONFIGURATION0_DESCR
  30              		.global	USBUART_DEVICE0_DESCR
  31              		.section	.rodata
  32              		.align	2
  33              		.type	USBUART_MSOS_CONFIGURATION_DESCR, %object
  34              		.size	USBUART_MSOS_CONFIGURATION_DESCR, 40
  35              	USBUART_MSOS_CONFIGURATION_DESCR:
  36 0000 28       		.byte	40
  37 0001 00       		.byte	0
  38 0002 00       		.byte	0
  39 0003 00       		.byte	0
  40 0004 00       		.byte	0
  41 0005 01       		.byte	1
  42 0006 04       		.byte	4
  43 0007 00       		.byte	0
  44 0008 01       		.byte	1
  45 0009 00       		.byte	0
  46 000a 00       		.byte	0
  47 000b 00       		.byte	0
  48 000c 00       		.byte	0
  49 000d 00       		.byte	0
  50 000e 00       		.byte	0
  51 000f 00       		.byte	0
  52 0010 00       		.byte	0
  53 0011 01       		.byte	1
  54 0012 43       		.byte	67
  55 0013 59       		.byte	89
  56 0014 55       		.byte	85
  57 0015 53       		.byte	83
ARM GAS  C:\Users\rolf\AppData\Local\Temp\ccSO3c16.s 			page 2


  58 0016 42       		.byte	66
  59 0017 00       		.byte	0
  60 0018 00       		.byte	0
  61 0019 00       		.byte	0
  62 001a 30       		.byte	48
  63 001b 30       		.byte	48
  64 001c 30       		.byte	48
  65 001d 30       		.byte	48
  66 001e 31       		.byte	49
  67 001f 00       		.byte	0
  68 0020 00       		.byte	0
  69 0021 00       		.byte	0
  70 0022 00       		.byte	0
  71 0023 00       		.byte	0
  72 0024 00       		.byte	0
  73 0025 00       		.byte	0
  74 0026 00       		.byte	0
  75 0027 00       		.byte	0
  76              		.type	USBUART_MSOS_DESCRIPTOR, %object
  77              		.size	USBUART_MSOS_DESCRIPTOR, 18
  78              	USBUART_MSOS_DESCRIPTOR:
  79 0028 12       		.byte	18
  80 0029 03       		.byte	3
  81 002a 4D       		.byte	77
  82 002b 00       		.byte	0
  83 002c 53       		.byte	83
  84 002d 00       		.byte	0
  85 002e 46       		.byte	70
  86 002f 00       		.byte	0
  87 0030 54       		.byte	84
  88 0031 00       		.byte	0
  89 0032 31       		.byte	49
  90 0033 00       		.byte	0
  91 0034 30       		.byte	48
  92 0035 00       		.byte	0
  93 0036 30       		.byte	48
  94 0037 00       		.byte	0
  95 0038 01       		.byte	1
  96 0039 00       		.byte	0
  97 003a 0000     		.space	2
  98              		.type	USBUART_TABLE, %object
  99              		.size	USBUART_TABLE, 8
 100              	USBUART_TABLE:
 101 003c 01       		.byte	1
 102 003d 000000   		.space	3
 103 0040 00000000 		.word	USBUART_DEVICE0_TABLE
 104              		.type	USBUART_DEVICE0_TABLE, %object
 105              		.size	USBUART_DEVICE0_TABLE, 24
 106              	USBUART_DEVICE0_TABLE:
 107 0044 01       		.byte	1
 108 0045 000000   		.space	3
 109 0048 00000000 		.word	USBUART_DEVICE0_DESCR
 110 004c 00       		.byte	0
 111 004d 000000   		.space	3
 112 0050 00000000 		.word	0
 113 0054 01       		.byte	1
 114 0055 000000   		.space	3
ARM GAS  C:\Users\rolf\AppData\Local\Temp\ccSO3c16.s 			page 3


 115 0058 00000000 		.word	USBUART_DEVICE0_CONFIGURATION0_TABLE
 116              		.type	USBUART_DEVICE0_CONFIGURATION0_TABLE, %object
 117              		.size	USBUART_DEVICE0_CONFIGURATION0_TABLE, 40
 118              	USBUART_DEVICE0_CONFIGURATION0_TABLE:
 119 005c 01       		.byte	1
 120 005d 000000   		.space	3
 121 0060 00000000 		.word	USBUART_DEVICE0_CONFIGURATION0_DESCR
 122 0064 03       		.byte	3
 123 0065 000000   		.space	3
 124 0068 00000000 		.word	USBUART_DEVICE0_CONFIGURATION0_EP_SETTINGS_TABLE
 125 006c 00       		.byte	0
 126 006d 000000   		.space	3
 127 0070 00000000 		.word	0
 128 0074 00       		.byte	0
 129 0075 000000   		.space	3
 130 0078 00000000 		.word	0
 131 007c 00       		.byte	0
 132 007d 000000   		.space	3
 133 0080 00000000 		.word	USBUART_DEVICE0_CONFIGURATION0_INTERFACE_CLASS
 134              		.type	USBUART_DEVICE0_CONFIGURATION0_INTERFACE_CLASS, %object
 135              		.size	USBUART_DEVICE0_CONFIGURATION0_INTERFACE_CLASS, 2
 136              	USBUART_DEVICE0_CONFIGURATION0_INTERFACE_CLASS:
 137 0084 02       		.byte	2
 138 0085 0A       		.byte	10
 139 0086 0000     		.space	2
 140              		.type	USBUART_DEVICE0_CONFIGURATION0_EP_SETTINGS_TABLE, %object
 141              		.size	USBUART_DEVICE0_CONFIGURATION0_EP_SETTINGS_TABLE, 24
 142              	USBUART_DEVICE0_CONFIGURATION0_EP_SETTINGS_TABLE:
 143 0088 00       		.byte	0
 144 0089 00       		.byte	0
 145 008a 81       		.byte	-127
 146 008b 03       		.byte	3
 147 008c 0800     		.short	8
 148 008e 02       		.byte	2
 149 008f 00       		.space	1
 150 0090 01       		.byte	1
 151 0091 00       		.byte	0
 152 0092 82       		.byte	-126
 153 0093 02       		.byte	2
 154 0094 4000     		.short	64
 155 0096 0A       		.byte	10
 156 0097 00       		.space	1
 157 0098 01       		.byte	1
 158 0099 00       		.byte	0
 159 009a 03       		.byte	3
 160 009b 02       		.byte	2
 161 009c 4000     		.short	64
 162 009e 0A       		.byte	10
 163 009f 00       		.space	1
 164              		.type	USBUART_SN_STRING_DESCRIPTOR, %object
 165              		.size	USBUART_SN_STRING_DESCRIPTOR, 2
 166              	USBUART_SN_STRING_DESCRIPTOR:
 167 00a0 02       		.byte	2
 168 00a1 03       		.byte	3
 169 00a2 0000     		.space	2
 170              		.type	USBUART_STRING_DESCRIPTORS, %object
 171              		.size	USBUART_STRING_DESCRIPTORS, 159
ARM GAS  C:\Users\rolf\AppData\Local\Temp\ccSO3c16.s 			page 4


 172              	USBUART_STRING_DESCRIPTORS:
 173 00a4 04       		.byte	4
 174 00a5 03       		.byte	3
 175 00a6 09       		.byte	9
 176 00a7 04       		.byte	4
 177 00a8 2C       		.byte	44
 178 00a9 03       		.byte	3
 179 00aa 43       		.byte	67
 180 00ab 00       		.byte	0
 181 00ac 79       		.byte	121
 182 00ad 00       		.byte	0
 183 00ae 70       		.byte	112
 184 00af 00       		.byte	0
 185 00b0 72       		.byte	114
 186 00b1 00       		.byte	0
 187 00b2 65       		.byte	101
 188 00b3 00       		.byte	0
 189 00b4 73       		.byte	115
 190 00b5 00       		.byte	0
 191 00b6 73       		.byte	115
 192 00b7 00       		.byte	0
 193 00b8 20       		.byte	32
 194 00b9 00       		.byte	0
 195 00ba 53       		.byte	83
 196 00bb 00       		.byte	0
 197 00bc 65       		.byte	101
 198 00bd 00       		.byte	0
 199 00be 6D       		.byte	109
 200 00bf 00       		.byte	0
 201 00c0 69       		.byte	105
 202 00c1 00       		.byte	0
 203 00c2 63       		.byte	99
 204 00c3 00       		.byte	0
 205 00c4 6F       		.byte	111
 206 00c5 00       		.byte	0
 207 00c6 6E       		.byte	110
 208 00c7 00       		.byte	0
 209 00c8 64       		.byte	100
 210 00c9 00       		.byte	0
 211 00ca 75       		.byte	117
 212 00cb 00       		.byte	0
 213 00cc 63       		.byte	99
 214 00cd 00       		.byte	0
 215 00ce 74       		.byte	116
 216 00cf 00       		.byte	0
 217 00d0 6F       		.byte	111
 218 00d1 00       		.byte	0
 219 00d2 72       		.byte	114
 220 00d3 00       		.byte	0
 221 00d4 10       		.byte	16
 222 00d5 03       		.byte	3
 223 00d6 55       		.byte	85
 224 00d7 00       		.byte	0
 225 00d8 53       		.byte	83
 226 00d9 00       		.byte	0
 227 00da 42       		.byte	66
 228 00db 00       		.byte	0
ARM GAS  C:\Users\rolf\AppData\Local\Temp\ccSO3c16.s 			page 5


 229 00dc 55       		.byte	85
 230 00dd 00       		.byte	0
 231 00de 41       		.byte	65
 232 00df 00       		.byte	0
 233 00e0 52       		.byte	82
 234 00e1 00       		.byte	0
 235 00e2 54       		.byte	84
 236 00e3 00       		.byte	0
 237 00e4 38       		.byte	56
 238 00e5 03       		.byte	3
 239 00e6 43       		.byte	67
 240 00e7 00       		.byte	0
 241 00e8 44       		.byte	68
 242 00e9 00       		.byte	0
 243 00ea 43       		.byte	67
 244 00eb 00       		.byte	0
 245 00ec 20       		.byte	32
 246 00ed 00       		.byte	0
 247 00ee 43       		.byte	67
 248 00ef 00       		.byte	0
 249 00f0 6F       		.byte	111
 250 00f1 00       		.byte	0
 251 00f2 6D       		.byte	109
 252 00f3 00       		.byte	0
 253 00f4 6D       		.byte	109
 254 00f5 00       		.byte	0
 255 00f6 75       		.byte	117
 256 00f7 00       		.byte	0
 257 00f8 6E       		.byte	110
 258 00f9 00       		.byte	0
 259 00fa 69       		.byte	105
 260 00fb 00       		.byte	0
 261 00fc 63       		.byte	99
 262 00fd 00       		.byte	0
 263 00fe 61       		.byte	97
 264 00ff 00       		.byte	0
 265 0100 74       		.byte	116
 266 0101 00       		.byte	0
 267 0102 69       		.byte	105
 268 0103 00       		.byte	0
 269 0104 6F       		.byte	111
 270 0105 00       		.byte	0
 271 0106 6E       		.byte	110
 272 0107 00       		.byte	0
 273 0108 20       		.byte	32
 274 0109 00       		.byte	0
 275 010a 49       		.byte	73
 276 010b 00       		.byte	0
 277 010c 6E       		.byte	110
 278 010d 00       		.byte	0
 279 010e 74       		.byte	116
 280 010f 00       		.byte	0
 281 0110 65       		.byte	101
 282 0111 00       		.byte	0
 283 0112 72       		.byte	114
 284 0113 00       		.byte	0
 285 0114 66       		.byte	102
ARM GAS  C:\Users\rolf\AppData\Local\Temp\ccSO3c16.s 			page 6


 286 0115 00       		.byte	0
 287 0116 61       		.byte	97
 288 0117 00       		.byte	0
 289 0118 63       		.byte	99
 290 0119 00       		.byte	0
 291 011a 65       		.byte	101
 292 011b 00       		.byte	0
 293 011c 26       		.byte	38
 294 011d 03       		.byte	3
 295 011e 43       		.byte	67
 296 011f 00       		.byte	0
 297 0120 44       		.byte	68
 298 0121 00       		.byte	0
 299 0122 43       		.byte	67
 300 0123 00       		.byte	0
 301 0124 20       		.byte	32
 302 0125 00       		.byte	0
 303 0126 44       		.byte	68
 304 0127 00       		.byte	0
 305 0128 61       		.byte	97
 306 0129 00       		.byte	0
 307 012a 74       		.byte	116
 308 012b 00       		.byte	0
 309 012c 61       		.byte	97
 310 012d 00       		.byte	0
 311 012e 20       		.byte	32
 312 012f 00       		.byte	0
 313 0130 49       		.byte	73
 314 0131 00       		.byte	0
 315 0132 6E       		.byte	110
 316 0133 00       		.byte	0
 317 0134 74       		.byte	116
 318 0135 00       		.byte	0
 319 0136 65       		.byte	101
 320 0137 00       		.byte	0
 321 0138 72       		.byte	114
 322 0139 00       		.byte	0
 323 013a 66       		.byte	102
 324 013b 00       		.byte	0
 325 013c 61       		.byte	97
 326 013d 00       		.byte	0
 327 013e 63       		.byte	99
 328 013f 00       		.byte	0
 329 0140 65       		.byte	101
 330 0141 00       		.byte	0
 331 0142 00       		.byte	0
 332 0143 00       		.space	1
 333              		.type	USBUART_DEVICE0_CONFIGURATION0_DESCR, %object
 334              		.size	USBUART_DEVICE0_CONFIGURATION0_DESCR, 67
 335              	USBUART_DEVICE0_CONFIGURATION0_DESCR:
 336 0144 09       		.byte	9
 337 0145 02       		.byte	2
 338 0146 43       		.byte	67
 339 0147 00       		.byte	0
 340 0148 02       		.byte	2
 341 0149 01       		.byte	1
 342 014a 01       		.byte	1
ARM GAS  C:\Users\rolf\AppData\Local\Temp\ccSO3c16.s 			page 7


 343 014b 80       		.byte	-128
 344 014c 32       		.byte	50
 345 014d 09       		.byte	9
 346 014e 04       		.byte	4
 347 014f 00       		.byte	0
 348 0150 00       		.byte	0
 349 0151 01       		.byte	1
 350 0152 02       		.byte	2
 351 0153 02       		.byte	2
 352 0154 01       		.byte	1
 353 0155 03       		.byte	3
 354 0156 05       		.byte	5
 355 0157 24       		.byte	36
 356 0158 00       		.byte	0
 357 0159 10       		.byte	16
 358 015a 01       		.byte	1
 359 015b 04       		.byte	4
 360 015c 24       		.byte	36
 361 015d 02       		.byte	2
 362 015e 02       		.byte	2
 363 015f 05       		.byte	5
 364 0160 24       		.byte	36
 365 0161 06       		.byte	6
 366 0162 00       		.byte	0
 367 0163 01       		.byte	1
 368 0164 05       		.byte	5
 369 0165 24       		.byte	36
 370 0166 01       		.byte	1
 371 0167 00       		.byte	0
 372 0168 01       		.byte	1
 373 0169 07       		.byte	7
 374 016a 05       		.byte	5
 375 016b 81       		.byte	-127
 376 016c 03       		.byte	3
 377 016d 08       		.byte	8
 378 016e 00       		.byte	0
 379 016f 0A       		.byte	10
 380 0170 09       		.byte	9
 381 0171 04       		.byte	4
 382 0172 01       		.byte	1
 383 0173 00       		.byte	0
 384 0174 02       		.byte	2
 385 0175 0A       		.byte	10
 386 0176 00       		.byte	0
 387 0177 00       		.byte	0
 388 0178 04       		.byte	4
 389 0179 07       		.byte	7
 390 017a 05       		.byte	5
 391 017b 82       		.byte	-126
 392 017c 02       		.byte	2
 393 017d 40       		.byte	64
 394 017e 00       		.byte	0
 395 017f 00       		.byte	0
 396 0180 07       		.byte	7
 397 0181 05       		.byte	5
 398 0182 03       		.byte	3
 399 0183 02       		.byte	2
ARM GAS  C:\Users\rolf\AppData\Local\Temp\ccSO3c16.s 			page 8


 400 0184 40       		.byte	64
 401 0185 00       		.byte	0
 402 0186 00       		.byte	0
 403 0187 00       		.space	1
 404              		.type	USBUART_DEVICE0_DESCR, %object
 405              		.size	USBUART_DEVICE0_DESCR, 18
 406              	USBUART_DEVICE0_DESCR:
 407 0188 12       		.byte	18
 408 0189 01       		.byte	1
 409 018a 00       		.byte	0
 410 018b 02       		.byte	2
 411 018c 02       		.byte	2
 412 018d 00       		.byte	0
 413 018e 00       		.byte	0
 414 018f 08       		.byte	8
 415 0190 B4       		.byte	-76
 416 0191 04       		.byte	4
 417 0192 32       		.byte	50
 418 0193 F2       		.byte	-14
 419 0194 01       		.byte	1
 420 0195 00       		.byte	0
 421 0196 01       		.byte	1
 422 0197 02       		.byte	2
 423 0198 80       		.byte	-128
 424 0199 01       		.byte	1
 425              		.text
 426              	.Letext0:
 427              		.file 1 "Generated_Source\\PSoC4\\cytypes.h"
 428              		.file 2 "Generated_Source\\PSoC4\\USBUART.h"
 429              		.file 3 "Generated_Source\\PSoC4\\USBUART_descr.c"
 430              		.section	.debug_info,"",%progbits
 431              	.Ldebug_info0:
 432 0000 DD020000 		.4byte	0x2dd
 433 0004 0400     		.2byte	0x4
 434 0006 00000000 		.4byte	.Ldebug_abbrev0
 435 000a 04       		.byte	0x4
 436 000b 01       		.uleb128 0x1
 437 000c 33020000 		.4byte	.LASF37
 438 0010 0C       		.byte	0xc
 439 0011 77010000 		.4byte	.LASF38
 440 0015 AB010000 		.4byte	.LASF39
 441 0019 00000000 		.4byte	.Ldebug_line0
 442 001d 02       		.uleb128 0x2
 443 001e 01       		.byte	0x1
 444 001f 06       		.byte	0x6
 445 0020 25030000 		.4byte	.LASF0
 446 0024 02       		.uleb128 0x2
 447 0025 01       		.byte	0x1
 448 0026 08       		.byte	0x8
 449 0027 D7000000 		.4byte	.LASF1
 450 002b 02       		.uleb128 0x2
 451 002c 02       		.byte	0x2
 452 002d 05       		.byte	0x5
 453 002e F6020000 		.4byte	.LASF2
 454 0032 02       		.uleb128 0x2
 455 0033 02       		.byte	0x2
 456 0034 07       		.byte	0x7
ARM GAS  C:\Users\rolf\AppData\Local\Temp\ccSO3c16.s 			page 9


 457 0035 31030000 		.4byte	.LASF3
 458 0039 02       		.uleb128 0x2
 459 003a 04       		.byte	0x4
 460 003b 05       		.byte	0x5
 461 003c 10030000 		.4byte	.LASF4
 462 0040 02       		.uleb128 0x2
 463 0041 04       		.byte	0x4
 464 0042 07       		.byte	0x7
 465 0043 0C010000 		.4byte	.LASF5
 466 0047 02       		.uleb128 0x2
 467 0048 08       		.byte	0x8
 468 0049 05       		.byte	0x5
 469 004a CA020000 		.4byte	.LASF6
 470 004e 02       		.uleb128 0x2
 471 004f 08       		.byte	0x8
 472 0050 07       		.byte	0x7
 473 0051 F0010000 		.4byte	.LASF7
 474 0055 03       		.uleb128 0x3
 475 0056 04       		.byte	0x4
 476 0057 05       		.byte	0x5
 477 0058 696E7400 		.ascii	"int\000"
 478 005c 02       		.uleb128 0x2
 479 005d 04       		.byte	0x4
 480 005e 07       		.byte	0x7
 481 005f 9E010000 		.4byte	.LASF8
 482 0063 04       		.uleb128 0x4
 483 0064 00030000 		.4byte	.LASF9
 484 0068 01       		.byte	0x1
 485 0069 FB01     		.2byte	0x1fb
 486 006b 24000000 		.4byte	0x24
 487 006f 04       		.uleb128 0x4
 488 0070 70010000 		.4byte	.LASF10
 489 0074 01       		.byte	0x1
 490 0075 FC01     		.2byte	0x1fc
 491 0077 32000000 		.4byte	0x32
 492 007b 02       		.uleb128 0x2
 493 007c 04       		.byte	0x4
 494 007d 04       		.byte	0x4
 495 007e A9000000 		.4byte	.LASF11
 496 0082 02       		.uleb128 0x2
 497 0083 08       		.byte	0x8
 498 0084 04       		.byte	0x4
 499 0085 69010000 		.4byte	.LASF12
 500 0089 02       		.uleb128 0x2
 501 008a 01       		.byte	0x1
 502 008b 08       		.byte	0x8
 503 008c D8020000 		.4byte	.LASF13
 504 0090 02       		.uleb128 0x2
 505 0091 08       		.byte	0x8
 506 0092 04       		.byte	0x4
 507 0093 19030000 		.4byte	.LASF14
 508 0097 02       		.uleb128 0x2
 509 0098 04       		.byte	0x4
 510 0099 07       		.byte	0x7
 511 009a C1020000 		.4byte	.LASF15
 512 009e 05       		.uleb128 0x5
 513 009f 08       		.byte	0x8
ARM GAS  C:\Users\rolf\AppData\Local\Temp\ccSO3c16.s 			page 10


 514 00a0 02       		.byte	0x2
 515 00a1 9C       		.byte	0x9c
 516 00a2 EF000000 		.4byte	0xef
 517 00a6 06       		.uleb128 0x6
 518 00a7 06030000 		.4byte	.LASF16
 519 00ab 02       		.byte	0x2
 520 00ac 9E       		.byte	0x9e
 521 00ad 63000000 		.4byte	0x63
 522 00b1 00       		.byte	0
 523 00b2 06       		.uleb128 0x6
 524 00b3 CC000000 		.4byte	.LASF17
 525 00b7 02       		.byte	0x2
 526 00b8 9F       		.byte	0x9f
 527 00b9 63000000 		.4byte	0x63
 528 00bd 01       		.byte	0x1
 529 00be 06       		.uleb128 0x6
 530 00bf 1E010000 		.4byte	.LASF18
 531 00c3 02       		.byte	0x2
 532 00c4 A0       		.byte	0xa0
 533 00c5 63000000 		.4byte	0x63
 534 00c9 02       		.byte	0x2
 535 00ca 06       		.uleb128 0x6
 536 00cb E5000000 		.4byte	.LASF19
 537 00cf 02       		.byte	0x2
 538 00d0 A1       		.byte	0xa1
 539 00d1 63000000 		.4byte	0x63
 540 00d5 03       		.byte	0x3
 541 00d6 06       		.uleb128 0x6
 542 00d7 DD020000 		.4byte	.LASF20
 543 00db 02       		.byte	0x2
 544 00dc A2       		.byte	0xa2
 545 00dd 6F000000 		.4byte	0x6f
 546 00e1 04       		.byte	0x4
 547 00e2 06       		.uleb128 0x6
 548 00e3 5A030000 		.4byte	.LASF21
 549 00e7 02       		.byte	0x2
 550 00e8 A3       		.byte	0xa3
 551 00e9 63000000 		.4byte	0x63
 552 00ed 06       		.byte	0x6
 553 00ee 00       		.byte	0
 554 00ef 07       		.uleb128 0x7
 555 00f0 F0000000 		.4byte	.LASF22
 556 00f4 02       		.byte	0x2
 557 00f5 A4       		.byte	0xa4
 558 00f6 9E000000 		.4byte	0x9e
 559 00fa 05       		.uleb128 0x5
 560 00fb 08       		.byte	0x8
 561 00fc 02       		.byte	0x2
 562 00fd B3       		.byte	0xb3
 563 00fe 19010000 		.4byte	0x119
 564 0102 08       		.uleb128 0x8
 565 0103 6300     		.ascii	"c\000"
 566 0105 02       		.byte	0x2
 567 0106 B5       		.byte	0xb5
 568 0107 63000000 		.4byte	0x63
 569 010b 00       		.byte	0
 570 010c 06       		.uleb128 0x6
ARM GAS  C:\Users\rolf\AppData\Local\Temp\ccSO3c16.s 			page 11


 571 010d 2C020000 		.4byte	.LASF23
 572 0111 02       		.byte	0x2
 573 0112 B6       		.byte	0xb6
 574 0113 19010000 		.4byte	0x119
 575 0117 04       		.byte	0x4
 576 0118 00       		.byte	0
 577 0119 09       		.uleb128 0x9
 578 011a 04       		.byte	0x4
 579 011b 1F010000 		.4byte	0x11f
 580 011f 0A       		.uleb128 0xa
 581 0120 07       		.uleb128 0x7
 582 0121 E2010000 		.4byte	.LASF24
 583 0125 02       		.byte	0x2
 584 0126 B7       		.byte	0xb7
 585 0127 FA000000 		.4byte	0xfa
 586 012b 0B       		.uleb128 0xb
 587 012c 3B010000 		.4byte	0x13b
 588 0130 3B010000 		.4byte	0x13b
 589 0134 0C       		.uleb128 0xc
 590 0135 97000000 		.4byte	0x97
 591 0139 11       		.byte	0x11
 592 013a 00       		.byte	0
 593 013b 0D       		.uleb128 0xd
 594 013c 63000000 		.4byte	0x63
 595 0140 0E       		.uleb128 0xe
 596 0141 93000000 		.4byte	.LASF25
 597 0145 03       		.byte	0x3
 598 0146 24       		.byte	0x24
 599 0147 51010000 		.4byte	0x151
 600 014b 05       		.uleb128 0x5
 601 014c 03       		.byte	0x3
 602 014d 00000000 		.4byte	USBUART_DEVICE0_DESCR
 603 0151 0D       		.uleb128 0xd
 604 0152 2B010000 		.4byte	0x12b
 605 0156 0B       		.uleb128 0xb
 606 0157 3B010000 		.4byte	0x13b
 607 015b 66010000 		.4byte	0x166
 608 015f 0C       		.uleb128 0xc
 609 0160 97000000 		.4byte	0x97
 610 0164 42       		.byte	0x42
 611 0165 00       		.byte	0
 612 0166 0E       		.uleb128 0xe
 613 0167 07020000 		.4byte	.LASF26
 614 016b 03       		.byte	0x3
 615 016c 37       		.byte	0x37
 616 016d 77010000 		.4byte	0x177
 617 0171 05       		.uleb128 0x5
 618 0172 03       		.byte	0x3
 619 0173 00000000 		.4byte	USBUART_DEVICE0_CONFIGURATION0_DESCR
 620 0177 0D       		.uleb128 0xd
 621 0178 56010000 		.4byte	0x156
 622 017c 0B       		.uleb128 0xb
 623 017d 8C010000 		.4byte	0x18c
 624 0181 8C010000 		.4byte	0x18c
 625 0185 0C       		.uleb128 0xc
 626 0186 97000000 		.4byte	0x97
 627 018a 02       		.byte	0x2
ARM GAS  C:\Users\rolf\AppData\Local\Temp\ccSO3c16.s 			page 12


 628 018b 00       		.byte	0
 629 018c 0D       		.uleb128 0xd
 630 018d EF000000 		.4byte	0xef
 631 0191 0E       		.uleb128 0xe
 632 0192 4A000000 		.4byte	.LASF27
 633 0196 03       		.byte	0x3
 634 0197 D8       		.byte	0xd8
 635 0198 A2010000 		.4byte	0x1a2
 636 019c 05       		.uleb128 0x5
 637 019d 03       		.byte	0x3
 638 019e 00000000 		.4byte	USBUART_DEVICE0_CONFIGURATION0_EP_SETTINGS_TABLE
 639 01a2 0D       		.uleb128 0xd
 640 01a3 7C010000 		.4byte	0x17c
 641 01a7 0B       		.uleb128 0xb
 642 01a8 3B010000 		.4byte	0x13b
 643 01ac B7010000 		.4byte	0x1b7
 644 01b0 0C       		.uleb128 0xc
 645 01b1 97000000 		.4byte	0x97
 646 01b5 01       		.byte	0x1
 647 01b6 00       		.byte	0
 648 01b7 0E       		.uleb128 0xe
 649 01b8 00000000 		.4byte	.LASF28
 650 01bc 03       		.byte	0x3
 651 01bd DE       		.byte	0xde
 652 01be C8010000 		.4byte	0x1c8
 653 01c2 05       		.uleb128 0x5
 654 01c3 03       		.byte	0x3
 655 01c4 00000000 		.4byte	USBUART_DEVICE0_CONFIGURATION0_INTERFACE_CLASS
 656 01c8 0D       		.uleb128 0xd
 657 01c9 A7010000 		.4byte	0x1a7
 658 01cd 0B       		.uleb128 0xb
 659 01ce DD010000 		.4byte	0x1dd
 660 01d2 DD010000 		.4byte	0x1dd
 661 01d6 0C       		.uleb128 0xc
 662 01d7 97000000 		.4byte	0x97
 663 01db 04       		.byte	0x4
 664 01dc 00       		.byte	0
 665 01dd 0D       		.uleb128 0xd
 666 01de 20010000 		.4byte	0x120
 667 01e2 0E       		.uleb128 0xe
 668 01e3 23010000 		.4byte	.LASF29
 669 01e7 03       		.byte	0x3
 670 01e8 E6       		.byte	0xe6
 671 01e9 F3010000 		.4byte	0x1f3
 672 01ed 05       		.uleb128 0x5
 673 01ee 03       		.byte	0x3
 674 01ef 00000000 		.4byte	USBUART_DEVICE0_CONFIGURATION0_TABLE
 675 01f3 0D       		.uleb128 0xd
 676 01f4 CD010000 		.4byte	0x1cd
 677 01f8 0B       		.uleb128 0xb
 678 01f9 DD010000 		.4byte	0x1dd
 679 01fd 08020000 		.4byte	0x208
 680 0201 0C       		.uleb128 0xc
 681 0202 97000000 		.4byte	0x97
 682 0206 02       		.byte	0x2
 683 0207 00       		.byte	0
 684 0208 0E       		.uleb128 0xe
ARM GAS  C:\Users\rolf\AppData\Local\Temp\ccSO3c16.s 			page 13


 685 0209 44030000 		.4byte	.LASF30
 686 020d 03       		.byte	0x3
 687 020e F1       		.byte	0xf1
 688 020f 19020000 		.4byte	0x219
 689 0213 05       		.uleb128 0x5
 690 0214 03       		.byte	0x3
 691 0215 00000000 		.4byte	USBUART_DEVICE0_TABLE
 692 0219 0D       		.uleb128 0xd
 693 021a F8010000 		.4byte	0x1f8
 694 021e 0B       		.uleb128 0xb
 695 021f DD010000 		.4byte	0x1dd
 696 0223 2E020000 		.4byte	0x22e
 697 0227 0C       		.uleb128 0xc
 698 0228 97000000 		.4byte	0x97
 699 022c 00       		.byte	0
 700 022d 00       		.byte	0
 701 022e 0E       		.uleb128 0xe
 702 022f E8020000 		.4byte	.LASF31
 703 0233 03       		.byte	0x3
 704 0234 F9       		.byte	0xf9
 705 0235 3F020000 		.4byte	0x23f
 706 0239 05       		.uleb128 0x5
 707 023a 03       		.byte	0x3
 708 023b 00000000 		.4byte	USBUART_TABLE
 709 023f 0D       		.uleb128 0xd
 710 0240 1E020000 		.4byte	0x21e
 711 0244 0E       		.uleb128 0xe
 712 0245 AF000000 		.4byte	.LASF32
 713 0249 03       		.byte	0x3
 714 024a C9       		.byte	0xc9
 715 024b 55020000 		.4byte	0x255
 716 024f 05       		.uleb128 0x5
 717 0250 03       		.byte	0x3
 718 0251 00000000 		.4byte	USBUART_SN_STRING_DESCRIPTOR
 719 0255 0D       		.uleb128 0xd
 720 0256 A7010000 		.4byte	0x1a7
 721 025a 0B       		.uleb128 0xb
 722 025b 3B010000 		.4byte	0x13b
 723 025f 6A020000 		.4byte	0x26a
 724 0263 0C       		.uleb128 0xc
 725 0264 97000000 		.4byte	0x97
 726 0268 9E       		.byte	0x9e
 727 0269 00       		.byte	0
 728 026a 0E       		.uleb128 0xe
 729 026b 2F000000 		.4byte	.LASF33
 730 026f 03       		.byte	0x3
 731 0270 96       		.byte	0x96
 732 0271 7B020000 		.4byte	0x27b
 733 0275 05       		.uleb128 0x5
 734 0276 03       		.byte	0x3
 735 0277 00000000 		.4byte	USBUART_STRING_DESCRIPTORS
 736 027b 0D       		.uleb128 0xd
 737 027c 5A020000 		.4byte	0x25a
 738 0280 0F       		.uleb128 0xf
 739 0281 7B000000 		.4byte	.LASF34
 740 0285 03       		.byte	0x3
 741 0286 0901     		.2byte	0x109
ARM GAS  C:\Users\rolf\AppData\Local\Temp\ccSO3c16.s 			page 14


 742 0288 92020000 		.4byte	0x292
 743 028c 05       		.uleb128 0x5
 744 028d 03       		.byte	0x3
 745 028e 00000000 		.4byte	USBUART_MSOS_DESCRIPTOR
 746 0292 0D       		.uleb128 0xd
 747 0293 2B010000 		.4byte	0x12b
 748 0297 0B       		.uleb128 0xb
 749 0298 3B010000 		.4byte	0x13b
 750 029c A7020000 		.4byte	0x2a7
 751 02a0 0C       		.uleb128 0xc
 752 02a1 97000000 		.4byte	0x97
 753 02a5 27       		.byte	0x27
 754 02a6 00       		.byte	0
 755 02a7 0F       		.uleb128 0xf
 756 02a8 48010000 		.4byte	.LASF35
 757 02ac 03       		.byte	0x3
 758 02ad 1401     		.2byte	0x114
 759 02af B9020000 		.4byte	0x2b9
 760 02b3 05       		.uleb128 0x5
 761 02b4 03       		.byte	0x3
 762 02b5 00000000 		.4byte	USBUART_MSOS_CONFIGURATION_DESCR
 763 02b9 0D       		.uleb128 0xd
 764 02ba 97020000 		.4byte	0x297
 765 02be 0B       		.uleb128 0xb
 766 02bf 63000000 		.4byte	0x63
 767 02c3 CE020000 		.4byte	0x2ce
 768 02c7 0C       		.uleb128 0xc
 769 02c8 97000000 		.4byte	0x97
 770 02cc 21       		.byte	0x21
 771 02cd 00       		.byte	0
 772 02ce 0F       		.uleb128 0xf
 773 02cf 60030000 		.4byte	.LASF36
 774 02d3 03       		.byte	0x3
 775 02d4 2701     		.2byte	0x127
 776 02d6 BE020000 		.4byte	0x2be
 777 02da 05       		.uleb128 0x5
 778 02db 03       		.byte	0x3
 779 02dc 00000000 		.4byte	USBUART_idSerialNumberStringDescriptor
 780 02e0 00       		.byte	0
 781              		.section	.debug_abbrev,"",%progbits
 782              	.Ldebug_abbrev0:
 783 0000 01       		.uleb128 0x1
 784 0001 11       		.uleb128 0x11
 785 0002 01       		.byte	0x1
 786 0003 25       		.uleb128 0x25
 787 0004 0E       		.uleb128 0xe
 788 0005 13       		.uleb128 0x13
 789 0006 0B       		.uleb128 0xb
 790 0007 03       		.uleb128 0x3
 791 0008 0E       		.uleb128 0xe
 792 0009 1B       		.uleb128 0x1b
 793 000a 0E       		.uleb128 0xe
 794 000b 10       		.uleb128 0x10
 795 000c 17       		.uleb128 0x17
 796 000d 00       		.byte	0
 797 000e 00       		.byte	0
 798 000f 02       		.uleb128 0x2
ARM GAS  C:\Users\rolf\AppData\Local\Temp\ccSO3c16.s 			page 15


 799 0010 24       		.uleb128 0x24
 800 0011 00       		.byte	0
 801 0012 0B       		.uleb128 0xb
 802 0013 0B       		.uleb128 0xb
 803 0014 3E       		.uleb128 0x3e
 804 0015 0B       		.uleb128 0xb
 805 0016 03       		.uleb128 0x3
 806 0017 0E       		.uleb128 0xe
 807 0018 00       		.byte	0
 808 0019 00       		.byte	0
 809 001a 03       		.uleb128 0x3
 810 001b 24       		.uleb128 0x24
 811 001c 00       		.byte	0
 812 001d 0B       		.uleb128 0xb
 813 001e 0B       		.uleb128 0xb
 814 001f 3E       		.uleb128 0x3e
 815 0020 0B       		.uleb128 0xb
 816 0021 03       		.uleb128 0x3
 817 0022 08       		.uleb128 0x8
 818 0023 00       		.byte	0
 819 0024 00       		.byte	0
 820 0025 04       		.uleb128 0x4
 821 0026 16       		.uleb128 0x16
 822 0027 00       		.byte	0
 823 0028 03       		.uleb128 0x3
 824 0029 0E       		.uleb128 0xe
 825 002a 3A       		.uleb128 0x3a
 826 002b 0B       		.uleb128 0xb
 827 002c 3B       		.uleb128 0x3b
 828 002d 05       		.uleb128 0x5
 829 002e 49       		.uleb128 0x49
 830 002f 13       		.uleb128 0x13
 831 0030 00       		.byte	0
 832 0031 00       		.byte	0
 833 0032 05       		.uleb128 0x5
 834 0033 13       		.uleb128 0x13
 835 0034 01       		.byte	0x1
 836 0035 0B       		.uleb128 0xb
 837 0036 0B       		.uleb128 0xb
 838 0037 3A       		.uleb128 0x3a
 839 0038 0B       		.uleb128 0xb
 840 0039 3B       		.uleb128 0x3b
 841 003a 0B       		.uleb128 0xb
 842 003b 01       		.uleb128 0x1
 843 003c 13       		.uleb128 0x13
 844 003d 00       		.byte	0
 845 003e 00       		.byte	0
 846 003f 06       		.uleb128 0x6
 847 0040 0D       		.uleb128 0xd
 848 0041 00       		.byte	0
 849 0042 03       		.uleb128 0x3
 850 0043 0E       		.uleb128 0xe
 851 0044 3A       		.uleb128 0x3a
 852 0045 0B       		.uleb128 0xb
 853 0046 3B       		.uleb128 0x3b
 854 0047 0B       		.uleb128 0xb
 855 0048 49       		.uleb128 0x49
ARM GAS  C:\Users\rolf\AppData\Local\Temp\ccSO3c16.s 			page 16


 856 0049 13       		.uleb128 0x13
 857 004a 38       		.uleb128 0x38
 858 004b 0B       		.uleb128 0xb
 859 004c 00       		.byte	0
 860 004d 00       		.byte	0
 861 004e 07       		.uleb128 0x7
 862 004f 16       		.uleb128 0x16
 863 0050 00       		.byte	0
 864 0051 03       		.uleb128 0x3
 865 0052 0E       		.uleb128 0xe
 866 0053 3A       		.uleb128 0x3a
 867 0054 0B       		.uleb128 0xb
 868 0055 3B       		.uleb128 0x3b
 869 0056 0B       		.uleb128 0xb
 870 0057 49       		.uleb128 0x49
 871 0058 13       		.uleb128 0x13
 872 0059 00       		.byte	0
 873 005a 00       		.byte	0
 874 005b 08       		.uleb128 0x8
 875 005c 0D       		.uleb128 0xd
 876 005d 00       		.byte	0
 877 005e 03       		.uleb128 0x3
 878 005f 08       		.uleb128 0x8
 879 0060 3A       		.uleb128 0x3a
 880 0061 0B       		.uleb128 0xb
 881 0062 3B       		.uleb128 0x3b
 882 0063 0B       		.uleb128 0xb
 883 0064 49       		.uleb128 0x49
 884 0065 13       		.uleb128 0x13
 885 0066 38       		.uleb128 0x38
 886 0067 0B       		.uleb128 0xb
 887 0068 00       		.byte	0
 888 0069 00       		.byte	0
 889 006a 09       		.uleb128 0x9
 890 006b 0F       		.uleb128 0xf
 891 006c 00       		.byte	0
 892 006d 0B       		.uleb128 0xb
 893 006e 0B       		.uleb128 0xb
 894 006f 49       		.uleb128 0x49
 895 0070 13       		.uleb128 0x13
 896 0071 00       		.byte	0
 897 0072 00       		.byte	0
 898 0073 0A       		.uleb128 0xa
 899 0074 26       		.uleb128 0x26
 900 0075 00       		.byte	0
 901 0076 00       		.byte	0
 902 0077 00       		.byte	0
 903 0078 0B       		.uleb128 0xb
 904 0079 01       		.uleb128 0x1
 905 007a 01       		.byte	0x1
 906 007b 49       		.uleb128 0x49
 907 007c 13       		.uleb128 0x13
 908 007d 01       		.uleb128 0x1
 909 007e 13       		.uleb128 0x13
 910 007f 00       		.byte	0
 911 0080 00       		.byte	0
 912 0081 0C       		.uleb128 0xc
ARM GAS  C:\Users\rolf\AppData\Local\Temp\ccSO3c16.s 			page 17


 913 0082 21       		.uleb128 0x21
 914 0083 00       		.byte	0
 915 0084 49       		.uleb128 0x49
 916 0085 13       		.uleb128 0x13
 917 0086 2F       		.uleb128 0x2f
 918 0087 0B       		.uleb128 0xb
 919 0088 00       		.byte	0
 920 0089 00       		.byte	0
 921 008a 0D       		.uleb128 0xd
 922 008b 26       		.uleb128 0x26
 923 008c 00       		.byte	0
 924 008d 49       		.uleb128 0x49
 925 008e 13       		.uleb128 0x13
 926 008f 00       		.byte	0
 927 0090 00       		.byte	0
 928 0091 0E       		.uleb128 0xe
 929 0092 34       		.uleb128 0x34
 930 0093 00       		.byte	0
 931 0094 03       		.uleb128 0x3
 932 0095 0E       		.uleb128 0xe
 933 0096 3A       		.uleb128 0x3a
 934 0097 0B       		.uleb128 0xb
 935 0098 3B       		.uleb128 0x3b
 936 0099 0B       		.uleb128 0xb
 937 009a 49       		.uleb128 0x49
 938 009b 13       		.uleb128 0x13
 939 009c 3F       		.uleb128 0x3f
 940 009d 19       		.uleb128 0x19
 941 009e 02       		.uleb128 0x2
 942 009f 18       		.uleb128 0x18
 943 00a0 00       		.byte	0
 944 00a1 00       		.byte	0
 945 00a2 0F       		.uleb128 0xf
 946 00a3 34       		.uleb128 0x34
 947 00a4 00       		.byte	0
 948 00a5 03       		.uleb128 0x3
 949 00a6 0E       		.uleb128 0xe
 950 00a7 3A       		.uleb128 0x3a
 951 00a8 0B       		.uleb128 0xb
 952 00a9 3B       		.uleb128 0x3b
 953 00aa 05       		.uleb128 0x5
 954 00ab 49       		.uleb128 0x49
 955 00ac 13       		.uleb128 0x13
 956 00ad 3F       		.uleb128 0x3f
 957 00ae 19       		.uleb128 0x19
 958 00af 02       		.uleb128 0x2
 959 00b0 18       		.uleb128 0x18
 960 00b1 00       		.byte	0
 961 00b2 00       		.byte	0
 962 00b3 00       		.byte	0
 963              		.section	.debug_aranges,"",%progbits
 964 0000 14000000 		.4byte	0x14
 965 0004 0200     		.2byte	0x2
 966 0006 00000000 		.4byte	.Ldebug_info0
 967 000a 04       		.byte	0x4
 968 000b 00       		.byte	0
 969 000c 0000     		.2byte	0
ARM GAS  C:\Users\rolf\AppData\Local\Temp\ccSO3c16.s 			page 18


 970 000e 0000     		.2byte	0
 971 0010 00000000 		.4byte	0
 972 0014 00000000 		.4byte	0
 973              		.section	.debug_line,"",%progbits
 974              	.Ldebug_line0:
 975 0000 5D000000 		.section	.debug_str,"MS",%progbits,1
 975      02005700 
 975      00000201 
 975      FB0E0D00 
 975      01010101 
 976              	.LASF28:
 977 0000 55534255 		.ascii	"USBUART_DEVICE0_CONFIGURATION0_INTERFACE_CLASS\000"
 977      4152545F 
 977      44455649 
 977      4345305F 
 977      434F4E46 
 978              	.LASF33:
 979 002f 55534255 		.ascii	"USBUART_STRING_DESCRIPTORS\000"
 979      4152545F 
 979      53545249 
 979      4E475F44 
 979      45534352 
 980              	.LASF27:
 981 004a 55534255 		.ascii	"USBUART_DEVICE0_CONFIGURATION0_EP_SETTINGS_TABLE\000"
 981      4152545F 
 981      44455649 
 981      4345305F 
 981      434F4E46 
 982              	.LASF34:
 983 007b 55534255 		.ascii	"USBUART_MSOS_DESCRIPTOR\000"
 983      4152545F 
 983      4D534F53 
 983      5F444553 
 983      43524950 
 984              	.LASF25:
 985 0093 55534255 		.ascii	"USBUART_DEVICE0_DESCR\000"
 985      4152545F 
 985      44455649 
 985      4345305F 
 985      44455343 
 986              	.LASF11:
 987 00a9 666C6F61 		.ascii	"float\000"
 987      7400
 988              	.LASF32:
 989 00af 55534255 		.ascii	"USBUART_SN_STRING_DESCRIPTOR\000"
 989      4152545F 
 989      534E5F53 
 989      5452494E 
 989      475F4445 
 990              	.LASF17:
 991 00cc 616C7453 		.ascii	"altSetting\000"
 991      65747469 
 991      6E6700
 992              	.LASF1:
 993 00d7 756E7369 		.ascii	"unsigned char\000"
 993      676E6564 
 993      20636861 
ARM GAS  C:\Users\rolf\AppData\Local\Temp\ccSO3c16.s 			page 19


 993      7200
 994              	.LASF19:
 995 00e5 61747472 		.ascii	"attributes\000"
 995      69627574 
 995      657300
 996              	.LASF22:
 997 00f0 545F5553 		.ascii	"T_USBUART_EP_SETTINGS_BLOCK\000"
 997      42554152 
 997      545F4550 
 997      5F534554 
 997      54494E47 
 998              	.LASF5:
 999 010c 6C6F6E67 		.ascii	"long unsigned int\000"
 999      20756E73 
 999      69676E65 
 999      6420696E 
 999      7400
 1000              	.LASF18:
 1001 011e 61646472 		.ascii	"addr\000"
 1001      00
 1002              	.LASF29:
 1003 0123 55534255 		.ascii	"USBUART_DEVICE0_CONFIGURATION0_TABLE\000"
 1003      4152545F 
 1003      44455649 
 1003      4345305F 
 1003      434F4E46 
 1004              	.LASF35:
 1005 0148 55534255 		.ascii	"USBUART_MSOS_CONFIGURATION_DESCR\000"
 1005      4152545F 
 1005      4D534F53 
 1005      5F434F4E 
 1005      46494755 
 1006              	.LASF12:
 1007 0169 646F7562 		.ascii	"double\000"
 1007      6C6500
 1008              	.LASF10:
 1009 0170 75696E74 		.ascii	"uint16\000"
 1009      313600
 1010              	.LASF38:
 1011 0177 47656E65 		.ascii	"Generated_Source\\PSoC4\\USBUART_descr.c\000"
 1011      72617465 
 1011      645F536F 
 1011      75726365 
 1011      5C50536F 
 1012              	.LASF8:
 1013 019e 756E7369 		.ascii	"unsigned int\000"
 1013      676E6564 
 1013      20696E74 
 1013      00
 1014              	.LASF39:
 1015 01ab 5C5C4D61 		.ascii	"\\\\Mac\\Data\\VScode\\GIT\\MacPro_KickStart\\PSoC4"
 1015      635C4461 
 1015      74615C56 
 1015      53636F64 
 1015      655C4749 
 1016 01d7 3230304C 		.ascii	"200L.cydsn\000"
 1016      2E637964 
ARM GAS  C:\Users\rolf\AppData\Local\Temp\ccSO3c16.s 			page 20


 1016      736E00
 1017              	.LASF24:
 1018 01e2 545F5553 		.ascii	"T_USBUART_LUT\000"
 1018      42554152 
 1018      545F4C55 
 1018      5400
 1019              	.LASF7:
 1020 01f0 6C6F6E67 		.ascii	"long long unsigned int\000"
 1020      206C6F6E 
 1020      6720756E 
 1020      7369676E 
 1020      65642069 
 1021              	.LASF26:
 1022 0207 55534255 		.ascii	"USBUART_DEVICE0_CONFIGURATION0_DESCR\000"
 1022      4152545F 
 1022      44455649 
 1022      4345305F 
 1022      434F4E46 
 1023              	.LASF23:
 1024 022c 705F6C69 		.ascii	"p_list\000"
 1024      737400
 1025              	.LASF37:
 1026 0233 474E5520 		.ascii	"GNU C11 5.4.1 20160609 (release) [ARM/embedded-5-br"
 1026      43313120 
 1026      352E342E 
 1026      31203230 
 1026      31363036 
 1027 0266 616E6368 		.ascii	"anch revision 237715] -mcpu=cortex-m0 -mthumb -g -O"
 1027      20726576 
 1027      6973696F 
 1027      6E203233 
 1027      37373135 
 1028 0299 67202D66 		.ascii	"g -ffunction-sections -ffat-lto-objects\000"
 1028      66756E63 
 1028      74696F6E 
 1028      2D736563 
 1028      74696F6E 
 1029              	.LASF15:
 1030 02c1 73697A65 		.ascii	"sizetype\000"
 1030      74797065 
 1030      00
 1031              	.LASF6:
 1032 02ca 6C6F6E67 		.ascii	"long long int\000"
 1032      206C6F6E 
 1032      6720696E 
 1032      7400
 1033              	.LASF13:
 1034 02d8 63686172 		.ascii	"char\000"
 1034      00
 1035              	.LASF20:
 1036 02dd 62756666 		.ascii	"bufferSize\000"
 1036      65725369 
 1036      7A6500
 1037              	.LASF31:
 1038 02e8 55534255 		.ascii	"USBUART_TABLE\000"
 1038      4152545F 
 1038      5441424C 
ARM GAS  C:\Users\rolf\AppData\Local\Temp\ccSO3c16.s 			page 21


 1038      4500
 1039              	.LASF2:
 1040 02f6 73686F72 		.ascii	"short int\000"
 1040      7420696E 
 1040      7400
 1041              	.LASF9:
 1042 0300 75696E74 		.ascii	"uint8\000"
 1042      3800
 1043              	.LASF16:
 1044 0306 696E7465 		.ascii	"interface\000"
 1044      72666163 
 1044      6500
 1045              	.LASF4:
 1046 0310 6C6F6E67 		.ascii	"long int\000"
 1046      20696E74 
 1046      00
 1047              	.LASF14:
 1048 0319 6C6F6E67 		.ascii	"long double\000"
 1048      20646F75 
 1048      626C6500 
 1049              	.LASF0:
 1050 0325 7369676E 		.ascii	"signed char\000"
 1050      65642063 
 1050      68617200 
 1051              	.LASF3:
 1052 0331 73686F72 		.ascii	"short unsigned int\000"
 1052      7420756E 
 1052      7369676E 
 1052      65642069 
 1052      6E7400
 1053              	.LASF30:
 1054 0344 55534255 		.ascii	"USBUART_DEVICE0_TABLE\000"
 1054      4152545F 
 1054      44455649 
 1054      4345305F 
 1054      5441424C 
 1055              	.LASF21:
 1056 035a 624D6973 		.ascii	"bMisc\000"
 1056      6300
 1057              	.LASF36:
 1058 0360 55534255 		.ascii	"USBUART_idSerialNumberStringDescriptor\000"
 1058      4152545F 
 1058      69645365 
 1058      7269616C 
 1058      4E756D62 
 1059              		.ident	"GCC: (GNU Tools for ARM Embedded Processors) 5.4.1 20160609 (release) [ARM/embedded-5-bran
